2023-08-07 11:51:52,550 INFO o.h.v.i.u.Version [background-preinit] HV000001: Hibernate Validator 6.2.5.Final
2023-08-07 11:51:52,621 INFO o.s.b.StartupInfoLogger [main] Starting SalesPageAdminServiceApplication using Java 11.0.18 on lam with PID 16915 (/home/lam/IdeaProjects/salespage-service/target/classes started by lam in /home/lam/IdeaProjects/salespage-service)
2023-08-07 11:51:52,627 INFO o.s.b.SpringApplication [main] No active profile set, falling back to 1 default profile: "default"
2023-08-07 11:51:52,628 DEBUG o.s.b.SpringApplication [main] Loading source class com.salespage.salespageservice.SalesPageAdminServiceApplication
2023-08-07 11:51:52,697 DEBUG o.s.c.s.AbstractApplicationContext [main] Refreshing org.springframework.boot.web.servlet.context.AnnotationConfigServletWebServerApplicationContext@4d6f197e
2023-08-07 11:51:53,515 INFO o.s.d.r.c.RepositoryConfigurationDelegate [main] Multiple Spring Data modules found, entering strict repository configuration mode
2023-08-07 11:51:53,516 INFO o.s.d.r.c.RepositoryConfigurationDelegate [main] Bootstrapping Spring Data MongoDB repositories in DEFAULT mode.
2023-08-07 11:51:53,845 INFO o.s.d.r.c.RepositoryConfigurationDelegate [main] Finished Spring Data repository scanning in 323 ms. Found 24 MongoDB repository interfaces.
2023-08-07 11:51:54,133 INFO o.s.d.r.c.RepositoryConfigurationDelegate [main] Multiple Spring Data modules found, entering strict repository configuration mode
2023-08-07 11:51:54,135 INFO o.s.d.r.c.RepositoryConfigurationDelegate [main] Bootstrapping Spring Data Redis repositories in DEFAULT mode.
2023-08-07 11:51:54,144 DEBUG o.s.b.a.AutoConfigurationPackages$BasePackages [main] @EnableAutoConfiguration was declared on a class in the package 'com.salespage.salespageservice'. Automatic @Repository and @Entity scanning is enabled.
2023-08-07 11:51:54,162 INFO o.s.d.r.c.RepositoryConfigurationExtensionSupport [main] Spring Data Redis - Could not safely identify store assignment for repository candidate interface com.salespage.salespageservice.domains.repositories.AccountRepository; If you want this repository to be a Redis repository, consider annotating your entities with one of these annotations: org.springframework.data.redis.core.RedisHash (preferred), or consider extending one of the following types with your repository: org.springframework.data.keyvalue.repository.KeyValueRepository
2023-08-07 11:51:54,163 INFO o.s.d.r.c.RepositoryConfigurationExtensionSupport [main] Spring Data Redis - Could not safely identify store assignment for repository candidate interface com.salespage.salespageservice.domains.repositories.BankAccountRepository; If you want this repository to be a Redis repository, consider annotating your entities with one of these annotations: org.springframework.data.redis.core.RedisHash (preferred), or consider extending one of the following types with your repository: org.springframework.data.keyvalue.repository.KeyValueRepository
2023-08-07 11:51:54,163 INFO o.s.d.r.c.RepositoryConfigurationExtensionSupport [main] Spring Data Redis - Could not safely identify store assignment for repository candidate interface com.salespage.salespageservice.domains.repositories.BankTransactionRepository; If you want this repository to be a Redis repository, consider annotating your entities with one of these annotations: org.springframework.data.redis.core.RedisHash (preferred), or consider extending one of the following types with your repository: org.springframework.data.keyvalue.repository.KeyValueRepository
2023-08-07 11:51:54,164 INFO o.s.d.r.c.RepositoryConfigurationExtensionSupport [main] Spring Data Redis - Could not safely identify store assignment for repository candidate interface com.salespage.salespageservice.domains.repositories.CheckInDailyRepository; If you want this repository to be a Redis repository, consider annotating your entities with one of these annotations: org.springframework.data.redis.core.RedisHash (preferred), or consider extending one of the following types with your repository: org.springframework.data.keyvalue.repository.KeyValueRepository
2023-08-07 11:51:54,164 INFO o.s.d.r.c.RepositoryConfigurationExtensionSupport [main] Spring Data Redis - Could not safely identify store assignment for repository candidate interface com.salespage.salespageservice.domains.repositories.CheckInDailyStatisticRepository; If you want this repository to be a Redis repository, consider annotating your entities with one of these annotations: org.springframework.data.redis.core.RedisHash (preferred), or consider extending one of the following types with your repository: org.springframework.data.keyvalue.repository.KeyValueRepository
2023-08-07 11:51:54,164 INFO o.s.d.r.c.RepositoryConfigurationExtensionSupport [main] Spring Data Redis - Could not safely identify store assignment for repository candidate interface com.salespage.salespageservice.domains.repositories.ConfigRepository; If you want this repository to be a Redis repository, consider annotating your entities with one of these annotations: org.springframework.data.redis.core.RedisHash (preferred), or consider extending one of the following types with your repository: org.springframework.data.keyvalue.repository.KeyValueRepository
2023-08-07 11:51:54,164 INFO o.s.d.r.c.RepositoryConfigurationExtensionSupport [main] Spring Data Redis - Could not safely identify store assignment for repository candidate interface com.salespage.salespageservice.domains.repositories.NotificationRepository; If you want this repository to be a Redis repository, consider annotating your entities with one of these annotations: org.springframework.data.redis.core.RedisHash (preferred), or consider extending one of the following types with your repository: org.springframework.data.keyvalue.repository.KeyValueRepository
2023-08-07 11:51:54,165 INFO o.s.d.r.c.RepositoryConfigurationExtensionSupport [main] Spring Data Redis - Could not safely identify store assignment for repository candidate interface com.salespage.salespageservice.domains.repositories.PaymentTransactionRepository; If you want this repository to be a Redis repository, consider annotating your entities with one of these annotations: org.springframework.data.redis.core.RedisHash (preferred), or consider extending one of the following types with your repository: org.springframework.data.keyvalue.repository.KeyValueRepository
2023-08-07 11:51:54,165 INFO o.s.d.r.c.RepositoryConfigurationExtensionSupport [main] Spring Data Redis - Could not safely identify store assignment for repository candidate interface com.salespage.salespageservice.domains.repositories.ProductCategoryRepository; If you want this repository to be a Redis repository, consider annotating your entities with one of these annotations: org.springframework.data.redis.core.RedisHash (preferred), or consider extending one of the following types with your repository: org.springframework.data.keyvalue.repository.KeyValueRepository
2023-08-07 11:51:54,165 INFO o.s.d.r.c.RepositoryConfigurationExtensionSupport [main] Spring Data Redis - Could not safely identify store assignment for repository candidate interface com.salespage.salespageservice.domains.repositories.ProductRepository; If you want this repository to be a Redis repository, consider annotating your entities with one of these annotations: org.springframework.data.redis.core.RedisHash (preferred), or consider extending one of the following types with your repository: org.springframework.data.keyvalue.repository.KeyValueRepository
2023-08-07 11:51:54,166 INFO o.s.d.r.c.RepositoryConfigurationExtensionSupport [main] Spring Data Redis - Could not safely identify store assignment for repository candidate interface com.salespage.salespageservice.domains.repositories.ProductTransactionRepository; If you want this repository to be a Redis repository, consider annotating your entities with one of these annotations: org.springframework.data.redis.core.RedisHash (preferred), or consider extending one of the following types with your repository: org.springframework.data.keyvalue.repository.KeyValueRepository
2023-08-07 11:51:54,166 INFO o.s.d.r.c.RepositoryConfigurationExtensionSupport [main] Spring Data Redis - Could not safely identify store assignment for repository candidate interface com.salespage.salespageservice.domains.repositories.ProductTypeDetailRepository; If you want this repository to be a Redis repository, consider annotating your entities with one of these annotations: org.springframework.data.redis.core.RedisHash (preferred), or consider extending one of the following types with your repository: org.springframework.data.keyvalue.repository.KeyValueRepository
2023-08-07 11:51:54,166 INFO o.s.d.r.c.RepositoryConfigurationExtensionSupport [main] Spring Data Redis - Could not safely identify store assignment for repository candidate interface com.salespage.salespageservice.domains.repositories.ProductTypeRepository; If you want this repository to be a Redis repository, consider annotating your entities with one of these annotations: org.springframework.data.redis.core.RedisHash (preferred), or consider extending one of the following types with your repository: org.springframework.data.keyvalue.repository.KeyValueRepository
2023-08-07 11:51:54,167 INFO o.s.d.r.c.RepositoryConfigurationExtensionSupport [main] Spring Data Redis - Could not safely identify store assignment for repository candidate interface com.salespage.salespageservice.domains.repositories.RatingRepository; If you want this repository to be a Redis repository, consider annotating your entities with one of these annotations: org.springframework.data.redis.core.RedisHash (preferred), or consider extending one of the following types with your repository: org.springframework.data.keyvalue.repository.KeyValueRepository
2023-08-07 11:51:54,167 INFO o.s.d.r.c.RepositoryConfigurationExtensionSupport [main] Spring Data Redis - Could not safely identify store assignment for repository candidate interface com.salespage.salespageservice.domains.repositories.SellerStoreRepository; If you want this repository to be a Redis repository, consider annotating your entities with one of these annotations: org.springframework.data.redis.core.RedisHash (preferred), or consider extending one of the following types with your repository: org.springframework.data.keyvalue.repository.KeyValueRepository
2023-08-07 11:51:54,168 INFO o.s.d.r.c.RepositoryConfigurationExtensionSupport [main] Spring Data Redis - Could not safely identify store assignment for repository candidate interface com.salespage.salespageservice.domains.repositories.StatisticCheckpointRepository; If you want this repository to be a Redis repository, consider annotating your entities with one of these annotations: org.springframework.data.redis.core.RedisHash (preferred), or consider extending one of the following types with your repository: org.springframework.data.keyvalue.repository.KeyValueRepository
2023-08-07 11:51:54,168 INFO o.s.d.r.c.RepositoryConfigurationExtensionSupport [main] Spring Data Redis - Could not safely identify store assignment for repository candidate interface com.salespage.salespageservice.domains.repositories.SystemLogRepository; If you want this repository to be a Redis repository, consider annotating your entities with one of these annotations: org.springframework.data.redis.core.RedisHash (preferred), or consider extending one of the following types with your repository: org.springframework.data.keyvalue.repository.KeyValueRepository
2023-08-07 11:51:54,168 INFO o.s.d.r.c.RepositoryConfigurationExtensionSupport [main] Spring Data Redis - Could not safely identify store assignment for repository candidate interface com.salespage.salespageservice.domains.repositories.TpBankTransactionRepository; If you want this repository to be a Redis repository, consider annotating your entities with one of these annotations: org.springframework.data.redis.core.RedisHash (preferred), or consider extending one of the following types with your repository: org.springframework.data.keyvalue.repository.KeyValueRepository
2023-08-07 11:51:54,169 INFO o.s.d.r.c.RepositoryConfigurationExtensionSupport [main] Spring Data Redis - Could not safely identify store assignment for repository candidate interface com.salespage.salespageservice.domains.repositories.TransactionStatisticRepository; If you want this repository to be a Redis repository, consider annotating your entities with one of these annotations: org.springframework.data.redis.core.RedisHash (preferred), or consider extending one of the following types with your repository: org.springframework.data.keyvalue.repository.KeyValueRepository
2023-08-07 11:51:54,169 INFO o.s.d.r.c.RepositoryConfigurationExtensionSupport [main] Spring Data Redis - Could not safely identify store assignment for repository candidate interface com.salespage.salespageservice.domains.repositories.UserFavoriteRepository; If you want this repository to be a Redis repository, consider annotating your entities with one of these annotations: org.springframework.data.redis.core.RedisHash (preferred), or consider extending one of the following types with your repository: org.springframework.data.keyvalue.repository.KeyValueRepository
2023-08-07 11:51:54,169 INFO o.s.d.r.c.RepositoryConfigurationExtensionSupport [main] Spring Data Redis - Could not safely identify store assignment for repository candidate interface com.salespage.salespageservice.domains.repositories.UserRepository; If you want this repository to be a Redis repository, consider annotating your entities with one of these annotations: org.springframework.data.redis.core.RedisHash (preferred), or consider extending one of the following types with your repository: org.springframework.data.keyvalue.repository.KeyValueRepository
2023-08-07 11:51:54,171 INFO o.s.d.r.c.RepositoryConfigurationExtensionSupport [main] Spring Data Redis - Could not safely identify store assignment for repository candidate interface com.salespage.salespageservice.domains.repositories.VoucherCodeLimitRepository; If you want this repository to be a Redis repository, consider annotating your entities with one of these annotations: org.springframework.data.redis.core.RedisHash (preferred), or consider extending one of the following types with your repository: org.springframework.data.keyvalue.repository.KeyValueRepository
2023-08-07 11:51:54,171 INFO o.s.d.r.c.RepositoryConfigurationExtensionSupport [main] Spring Data Redis - Could not safely identify store assignment for repository candidate interface com.salespage.salespageservice.domains.repositories.VoucherCodeRepository; If you want this repository to be a Redis repository, consider annotating your entities with one of these annotations: org.springframework.data.redis.core.RedisHash (preferred), or consider extending one of the following types with your repository: org.springframework.data.keyvalue.repository.KeyValueRepository
2023-08-07 11:51:54,172 INFO o.s.d.r.c.RepositoryConfigurationExtensionSupport [main] Spring Data Redis - Could not safely identify store assignment for repository candidate interface com.salespage.salespageservice.domains.repositories.VoucherStoreRepository; If you want this repository to be a Redis repository, consider annotating your entities with one of these annotations: org.springframework.data.redis.core.RedisHash (preferred), or consider extending one of the following types with your repository: org.springframework.data.keyvalue.repository.KeyValueRepository
2023-08-07 11:51:54,172 INFO o.s.d.r.c.RepositoryConfigurationDelegate [main] Finished Spring Data repository scanning in 28 ms. Found 0 Redis repository interfaces.
2023-08-07 11:51:54,712 DEBUG o.s.c.e.PropertySourcesPropertyResolver [main] Found key 'PORT' in PropertySource 'systemEnvironment' with value of type String
2023-08-07 11:51:54,744 INFO o.e.j.u.l.Log [main] Logging initialized @4122ms to org.eclipse.jetty.util.log.Slf4jLog
2023-08-07 11:51:54,900 DEBUG o.s.b.w.s.s.DocumentRoot [main] Code archive: /home/lam/.m2/repository/org/springframework/boot/spring-boot/2.7.5/spring-boot-2.7.5.jar
2023-08-07 11:51:54,900 DEBUG o.s.b.w.s.s.DocumentRoot [main] Code archive: /home/lam/.m2/repository/org/springframework/boot/spring-boot/2.7.5/spring-boot-2.7.5.jar
2023-08-07 11:51:54,900 DEBUG o.s.b.w.s.s.DocumentRoot [main] None of the document roots [src/main/webapp, public, static] point to a directory and will be ignored.
2023-08-07 11:51:54,936 INFO o.s.b.w.e.j.JettyServletWebServerFactory [main] Server initialized with port: 8080
2023-08-07 11:51:54,940 INFO o.e.j.s.Server [main] jetty-9.4.49.v20220914; built: 2022-09-14T01:07:36.601Z; git: 4231a3b2e4cb8548a412a789936d640a97b1aa0a; jvm 11.0.18+10
2023-08-07 11:51:54,973 INFO o.e.j.s.h.ContextHandler$Context [main] Initializing Spring embedded WebApplicationContext
2023-08-07 11:51:54,974 DEBUG o.s.b.w.s.c.ServletWebServerApplicationContext [main] Published root WebApplicationContext as ServletContext attribute with name [org.springframework.web.context.WebApplicationContext.ROOT]
2023-08-07 11:51:54,974 INFO o.s.b.w.s.c.ServletWebServerApplicationContext [main] Root WebApplicationContext: initialization completed in 2277 ms
2023-08-07 11:51:55,089 DEBUG o.s.c.e.PropertySourcesPropertyResolver [main] Found key 'MONGODB_URI' in PropertySource 'systemEnvironment' with value of type String
2023-08-07 11:51:55,344 INFO c.m.d.l.SLF4JLogger [main] MongoClient with metadata {"driver": {"name": "mongo-java-driver|sync|spring-boot", "version": "4.6.1"}, "os": {"type": "Linux", "name": "Linux", "architecture": "amd64", "version": "5.15.0-78-generic"}, "platform": "Java/Eclipse Adoptium/11.0.18+10"} created with settings MongoClientSettings{readPreference=primary, writeConcern=WriteConcern{w=null, wTimeout=null ms, journal=null}, retryWrites=true, retryReads=true, readConcern=ReadConcern{level=null}, credential=MongoCredential{mechanism=null, userName='lam', source='admin', password=<hidden>, mechanismProperties=<hidden>}, streamFactoryFactory=null, commandListeners=[], codecRegistry=ProvidersCodecRegistry{codecProviders=[ValueCodecProvider{}, BsonValueCodecProvider{}, DBRefCodecProvider{}, DBObjectCodecProvider{}, DocumentCodecProvider{}, IterableCodecProvider{}, MapCodecProvider{}, GeoJsonCodecProvider{}, GridFSFileCodecProvider{}, Jsr310CodecProvider{}, JsonObjectCodecProvider{}, BsonCodecProvider{}, EnumCodecProvider{}, com.mongodb.Jep395RecordCodecProvider@7d126083]}, clusterSettings={hosts=[127.0.0.1:27017], srvHost=db-salespage.h9186rq.mongodb.net, srvServiceName=mongodb, mode=MULTIPLE, requiredClusterType=REPLICA_SET, requiredReplicaSetName='atlas-qi6936-shard-0', serverSelector='null', clusterListeners='[]', serverSelectionTimeout='30000 ms', localThreshold='30000 ms'}, socketSettings=SocketSettings{connectTimeoutMS=10000, readTimeoutMS=0, receiveBufferSize=0, sendBufferSize=0}, heartbeatSocketSettings=SocketSettings{connectTimeoutMS=10000, readTimeoutMS=10000, receiveBufferSize=0, sendBufferSize=0}, connectionPoolSettings=ConnectionPoolSettings{maxSize=100, minSize=0, maxWaitTimeMS=120000, maxConnectionLifeTimeMS=0, maxConnectionIdleTimeMS=0, maintenanceInitialDelayMS=0, maintenanceFrequencyMS=60000, connectionPoolListeners=[], maxConnecting=2}, serverSettings=ServerSettings{heartbeatFrequencyMS=10000, minHeartbeatFrequencyMS=500, serverListeners='[]', serverMonitorListeners='[]'}, sslSettings=SslSettings{enabled=true, invalidHostNameAllowed=false, context=null}, applicationName='null', compressorList=[], uuidRepresentation=JAVA_LEGACY, serverApi=null, autoEncryptionSettings=null, contextProvider=null}
2023-08-07 11:51:55,377 INFO c.m.d.l.SLF4JLogger [cluster-ClusterId{value='64d0786b6b84d319d6e53f1a', description='null'}-srv-db-salespage.h9186rq.mongodb.net] Adding discovered server ac-jh96ukw-shard-00-02.h9186rq.mongodb.net:27017 to client view of cluster
2023-08-07 11:51:55,407 INFO c.m.d.l.SLF4JLogger [cluster-ClusterId{value='64d0786b6b84d319d6e53f1a', description='null'}-srv-db-salespage.h9186rq.mongodb.net] Adding discovered server ac-jh96ukw-shard-00-00.h9186rq.mongodb.net:27017 to client view of cluster
2023-08-07 11:51:55,408 INFO c.m.d.l.SLF4JLogger [cluster-ClusterId{value='64d0786b6b84d319d6e53f1a', description='null'}-srv-db-salespage.h9186rq.mongodb.net] Adding discovered server ac-jh96ukw-shard-00-01.h9186rq.mongodb.net:27017 to client view of cluster
2023-08-07 11:51:55,835 WARN o.s.d.m.c.m.BasicMongoPersistentProperty [main] Customizing field name for id property 'com.salespage.salespageservice.domains.entities.Account.username' is not allowed! Custom name ('username') will not be considered!
2023-08-07 11:51:56,412 INFO c.m.d.l.SLF4JLogger [cluster-rtt-ClusterId{value='64d0786b6b84d319d6e53f1a', description='null'}-ac-jh96ukw-shard-00-01.h9186rq.mongodb.net:27017] Opened connection [connectionId{localValue:2, serverValue:36618}] to ac-jh96ukw-shard-00-01.h9186rq.mongodb.net:27017
2023-08-07 11:51:56,421 INFO c.m.d.l.SLF4JLogger [cluster-rtt-ClusterId{value='64d0786b6b84d319d6e53f1a', description='null'}-ac-jh96ukw-shard-00-00.h9186rq.mongodb.net:27017] Opened connection [connectionId{localValue:5, serverValue:37702}] to ac-jh96ukw-shard-00-00.h9186rq.mongodb.net:27017
2023-08-07 11:51:56,421 INFO c.m.d.l.SLF4JLogger [cluster-ClusterId{value='64d0786b6b84d319d6e53f1a', description='null'}-ac-jh96ukw-shard-00-00.h9186rq.mongodb.net:27017] Opened connection [connectionId{localValue:3, serverValue:37702}] to ac-jh96ukw-shard-00-00.h9186rq.mongodb.net:27017
2023-08-07 11:51:56,424 INFO c.m.d.l.SLF4JLogger [cluster-ClusterId{value='64d0786b6b84d319d6e53f1a', description='null'}-ac-jh96ukw-shard-00-01.h9186rq.mongodb.net:27017] Opened connection [connectionId{localValue:1, serverValue:36618}] to ac-jh96ukw-shard-00-01.h9186rq.mongodb.net:27017
2023-08-07 11:51:56,431 INFO c.m.d.l.SLF4JLogger [cluster-ClusterId{value='64d0786b6b84d319d6e53f1a', description='null'}-ac-jh96ukw-shard-00-02.h9186rq.mongodb.net:27017] Opened connection [connectionId{localValue:6, serverValue:40682}] to ac-jh96ukw-shard-00-02.h9186rq.mongodb.net:27017
2023-08-07 11:51:56,431 INFO c.m.d.l.SLF4JLogger [cluster-rtt-ClusterId{value='64d0786b6b84d319d6e53f1a', description='null'}-ac-jh96ukw-shard-00-02.h9186rq.mongodb.net:27017] Opened connection [connectionId{localValue:4, serverValue:40682}] to ac-jh96ukw-shard-00-02.h9186rq.mongodb.net:27017
2023-08-07 11:51:56,434 INFO c.m.d.l.SLF4JLogger [cluster-ClusterId{value='64d0786b6b84d319d6e53f1a', description='null'}-ac-jh96ukw-shard-00-02.h9186rq.mongodb.net:27017] Monitor thread successfully connected to server with description ServerDescription{address=ac-jh96ukw-shard-00-02.h9186rq.mongodb.net:27017, type=REPLICA_SET_PRIMARY, state=CONNECTED, ok=true, minWireVersion=0, maxWireVersion=17, maxDocumentSize=16777216, logicalSessionTimeoutMinutes=30, roundTripTimeNanos=417124558, setName='atlas-qi6936-shard-0', canonicalAddress=ac-jh96ukw-shard-00-02.h9186rq.mongodb.net:27017, hosts=[ac-jh96ukw-shard-00-00.h9186rq.mongodb.net:27017, ac-jh96ukw-shard-00-02.h9186rq.mongodb.net:27017, ac-jh96ukw-shard-00-01.h9186rq.mongodb.net:27017], passives=[], arbiters=[], primary='ac-jh96ukw-shard-00-02.h9186rq.mongodb.net:27017', tagSet=TagSet{[Tag{name='nodeType', value='ELECTABLE'}, Tag{name='provider', value='AWS'}, Tag{name='region', value='AP_EAST_1'}, Tag{name='workloadType', value='OPERATIONAL'}]}, electionId=7fffffff0000000000000039, setVersion=1, topologyVersion=TopologyVersion{processId=64ce74c501417a8d02ce85c2, counter=6}, lastWriteDate=Mon Aug 07 11:51:56 ICT 2023, lastUpdateTimeNanos=5120277735653}
2023-08-07 11:51:56,434 INFO c.m.d.l.SLF4JLogger [cluster-ClusterId{value='64d0786b6b84d319d6e53f1a', description='null'}-ac-jh96ukw-shard-00-01.h9186rq.mongodb.net:27017] Monitor thread successfully connected to server with description ServerDescription{address=ac-jh96ukw-shard-00-01.h9186rq.mongodb.net:27017, type=REPLICA_SET_SECONDARY, state=CONNECTED, ok=true, minWireVersion=0, maxWireVersion=17, maxDocumentSize=16777216, logicalSessionTimeoutMinutes=30, roundTripTimeNanos=421930330, setName='atlas-qi6936-shard-0', canonicalAddress=ac-jh96ukw-shard-00-01.h9186rq.mongodb.net:27017, hosts=[ac-jh96ukw-shard-00-00.h9186rq.mongodb.net:27017, ac-jh96ukw-shard-00-02.h9186rq.mongodb.net:27017, ac-jh96ukw-shard-00-01.h9186rq.mongodb.net:27017], passives=[], arbiters=[], primary='ac-jh96ukw-shard-00-02.h9186rq.mongodb.net:27017', tagSet=TagSet{[Tag{name='nodeType', value='ELECTABLE'}, Tag{name='provider', value='AWS'}, Tag{name='region', value='AP_EAST_1'}, Tag{name='workloadType', value='OPERATIONAL'}]}, electionId=null, setVersion=1, topologyVersion=TopologyVersion{processId=64ce75d760f66e2ae14e7296, counter=3}, lastWriteDate=Mon Aug 07 11:51:56 ICT 2023, lastUpdateTimeNanos=5120270595319}
2023-08-07 11:51:56,434 INFO c.m.d.l.SLF4JLogger [cluster-ClusterId{value='64d0786b6b84d319d6e53f1a', description='null'}-ac-jh96ukw-shard-00-00.h9186rq.mongodb.net:27017] Monitor thread successfully connected to server with description ServerDescription{address=ac-jh96ukw-shard-00-00.h9186rq.mongodb.net:27017, type=REPLICA_SET_SECONDARY, state=CONNECTED, ok=true, minWireVersion=0, maxWireVersion=17, maxDocumentSize=16777216, logicalSessionTimeoutMinutes=30, roundTripTimeNanos=419042695, setName='atlas-qi6936-shard-0', canonicalAddress=ac-jh96ukw-shard-00-00.h9186rq.mongodb.net:27017, hosts=[ac-jh96ukw-shard-00-00.h9186rq.mongodb.net:27017, ac-jh96ukw-shard-00-02.h9186rq.mongodb.net:27017, ac-jh96ukw-shard-00-01.h9186rq.mongodb.net:27017], passives=[], arbiters=[], primary='ac-jh96ukw-shard-00-02.h9186rq.mongodb.net:27017', tagSet=TagSet{[Tag{name='nodeType', value='ELECTABLE'}, Tag{name='provider', value='AWS'}, Tag{name='region', value='AP_EAST_1'}, Tag{name='workloadType', value='OPERATIONAL'}]}, electionId=null, setVersion=1, topologyVersion=TopologyVersion{processId=64ce73a24b4a37a90283ecc3, counter=4}, lastWriteDate=Mon Aug 07 11:51:56 ICT 2023, lastUpdateTimeNanos=5120267706195}
2023-08-07 11:51:56,438 INFO c.m.d.l.SLF4JLogger [cluster-ClusterId{value='64d0786b6b84d319d6e53f1a', description='null'}-ac-jh96ukw-shard-00-02.h9186rq.mongodb.net:27017] Setting max election id to 7fffffff0000000000000039 from replica set primary ac-jh96ukw-shard-00-02.h9186rq.mongodb.net:27017
2023-08-07 11:51:56,438 INFO c.m.d.l.SLF4JLogger [cluster-ClusterId{value='64d0786b6b84d319d6e53f1a', description='null'}-ac-jh96ukw-shard-00-02.h9186rq.mongodb.net:27017] Setting max set version to 1 from replica set primary ac-jh96ukw-shard-00-02.h9186rq.mongodb.net:27017
2023-08-07 11:51:56,439 INFO c.m.d.l.SLF4JLogger [cluster-ClusterId{value='64d0786b6b84d319d6e53f1a', description='null'}-ac-jh96ukw-shard-00-02.h9186rq.mongodb.net:27017] Discovered replica set primary ac-jh96ukw-shard-00-02.h9186rq.mongodb.net:27017
2023-08-07 11:51:56,840 INFO o.r.Version [main] Redisson 3.19.1
2023-08-07 11:51:57,192 INFO o.r.c.p.ConnectionPool [redisson-netty-2-10] 1 connections initialized for tcp.appengine.bfcplatform.vn/103.69.194.5:19261
2023-08-07 11:51:57,428 INFO o.r.c.p.ConnectionPool [redisson-netty-2-20] 24 connections initialized for tcp.appengine.bfcplatform.vn/103.69.194.5:19261
2023-08-07 11:51:58,275 DEBUG o.s.b.w.s.ServletContextInitializerBeans [main] Mapping filters: springSecurityFilterChain urls=[/*] order=-100, filterRegistrationBean urls=[/*] order=2147483647, characterEncodingFilter urls=[/*] order=-2147483648, formContentFilter urls=[/*] order=-9900, requestContextFilter urls=[/*] order=-105, authTokenFilter urls=[/*] order=2147483647, authenticationJwtTokenFilter urls=[/*] order=2147483647
2023-08-07 11:51:58,276 DEBUG o.s.b.w.s.ServletContextInitializerBeans [main] Mapping servlets: dispatcherServlet urls=[/]
2023-08-07 11:51:58,481 INFO o.e.j.s.s.DefaultSessionIdManager [main] DefaultSessionIdManager workerName=node0
2023-08-07 11:51:58,481 INFO o.e.j.s.s.DefaultSessionIdManager [main] No SessionScavenger set, using defaults
2023-08-07 11:51:58,483 INFO o.e.j.s.s.HouseKeeper [main] node0 Scavenging every 600000ms
2023-08-07 11:51:58,503 INFO o.e.j.s.h.ContextHandler [main] Started o.s.b.w.e.j.JettyEmbeddedWebAppContext@75559cd9{application,/,[file:///tmp/jetty-docbase.8080.17427830839685455479/, jar:file:/home/lam/.m2/repository/org/webjars/swagger-ui/4.17.1/swagger-ui-4.17.1.jar!/META-INF/resources, jar:file:/home/lam/.m2/repository/org/webjars/jquery/3.6.1/jquery-3.6.1.jar!/META-INF/resources],AVAILABLE}
2023-08-07 11:51:58,506 INFO o.e.j.s.Server [main] Started @7885ms
2023-08-07 11:51:58,813 WARN c.g.a.c.g.s.AbstractGoogleClient [main] Application name is not set. Call Builder#setApplicationName.
2023-08-07 11:51:58,867 DEBUG o.s.c.e.PropertySourcesPropertyResolver [main] Found key 'KAFKA_BOOTSTRAP_SERVERS' in PropertySource 'systemEnvironment' with value of type String
2023-08-07 11:51:58,878 DEBUG o.s.c.e.PropertySourcesPropertyResolver [main] Found key 'KAFKA_USERNAME' in PropertySource 'systemEnvironment' with value of type String
2023-08-07 11:51:58,879 DEBUG o.s.c.e.PropertySourcesPropertyResolver [main] Found key 'KAFKA_PASSWORD' in PropertySource 'systemEnvironment' with value of type String
2023-08-07 11:51:58,879 DEBUG o.s.c.e.PropertySourcesPropertyResolver [main] Found key 'KAFKA_USERNAME' in PropertySource 'systemEnvironment' with value of type String
2023-08-07 11:51:58,879 DEBUG o.s.c.e.PropertySourcesPropertyResolver [main] Found key 'KAFKA_PASSWORD' in PropertySource 'systemEnvironment' with value of type String
2023-08-07 11:51:59,668 DEBUG o.s.w.s.h.SimpleUrlHandlerMapping [main] Patterns [/ws/**] in 'stompWebSocketHandlerMapping'
2023-08-07 11:51:59,824 DEBUG o.s.m.h.i.AbstractMethodMessageHandler [main] 
	c.s.s.a.c.AccountController:
	
2023-08-07 11:51:59,825 DEBUG o.s.m.h.i.AbstractMethodMessageHandler [main] 
	c.s.s.a.c.BankController:
	
2023-08-07 11:51:59,825 DEBUG o.s.m.h.i.AbstractMethodMessageHandler [main] 
	c.s.s.a.c.ConfigController:
	
2023-08-07 11:51:59,825 DEBUG o.s.m.h.i.AbstractMethodMessageHandler [main] 
	c.s.s.a.c.FavoriteProductController:
	
2023-08-07 11:51:59,825 DEBUG o.s.m.h.i.AbstractMethodMessageHandler [main] 
	c.s.s.a.c.HeathCheckController:
	
2023-08-07 11:51:59,825 DEBUG o.s.m.h.i.AbstractMethodMessageHandler [main] 
	c.s.s.a.c.NotificationController:
	
2023-08-07 11:51:59,826 DEBUG o.s.m.h.i.AbstractMethodMessageHandler [main] 
	c.s.s.a.c.PaymentController:
	
2023-08-07 11:51:59,826 DEBUG o.s.m.h.i.AbstractMethodMessageHandler [main] 
	c.s.s.a.c.PrivateProductController:
	
2023-08-07 11:51:59,826 DEBUG o.s.m.h.i.AbstractMethodMessageHandler [main] 
	c.s.s.a.c.ProductCategoryController:
	
2023-08-07 11:51:59,826 DEBUG o.s.m.h.i.AbstractMethodMessageHandler [main] 
	c.s.s.a.c.ProductTransactionController:
	
2023-08-07 11:51:59,826 DEBUG o.s.m.h.i.AbstractMethodMessageHandler [main] 
	c.s.s.a.c.SellerStoreController:
	
2023-08-07 11:51:59,826 DEBUG o.s.m.h.i.AbstractMethodMessageHandler [main] 
	c.s.s.a.c.ShipperController:
	
2023-08-07 11:51:59,827 DEBUG o.s.m.h.i.AbstractMethodMessageHandler [main] 
	c.s.s.a.c.UserController:
	
2023-08-07 11:51:59,827 DEBUG o.s.m.h.i.AbstractMethodMessageHandler [main] 
	c.s.s.a.c.VoucherController:
	
2023-08-07 11:51:59,827 DEBUG o.s.m.h.i.AbstractMethodMessageHandler [main] 
	c.s.s.a.c.p.PublicProductController:
	
2023-08-07 11:51:59,827 DEBUG o.s.m.h.i.AbstractMethodMessageHandler [main] 
	c.s.s.a.c.p.PublicSellerStoreController:
	
2023-08-07 11:51:59,827 DEBUG o.s.m.h.i.AbstractMethodMessageHandler [main] 
	c.s.s.a.c.p.PublicUserController:
	
2023-08-07 11:51:59,837 DEBUG o.s.m.h.i.AbstractMethodMessageHandler [main] 
	c.s.s.a.s.NotificationSocket:
	{[MESSAGE],[/secured/room]}: sendSpecific(Message,Principal,String)
2023-08-07 11:51:59,841 DEBUG o.s.m.h.i.AbstractMethodMessageHandler [main] 
	o.s.b.a.w.s.e.BasicErrorController:
	
2023-08-07 11:51:59,859 DEBUG o.s.m.h.i.AbstractMethodMessageHandler [main] 
	o.s.w.a.OpenApiWebMvcResource:
	
2023-08-07 11:51:59,860 DEBUG o.s.m.h.i.AbstractMethodMessageHandler [main] 
	o.s.w.u.SwaggerWelcomeWebMvc:
	
2023-08-07 11:51:59,861 DEBUG o.s.m.h.i.AbstractMethodMessageHandler [main] 
	o.s.w.u.SwaggerConfigResource:
	
2023-08-07 11:52:14,362 INFO o.r.c.DNSMonitor [redisson-netty-2-21] Detected DNS change. Master redis://tcp.appengine.bfcplatform.vn:19261 has changed ip from 103.69.194.5 to 103.69.194.195
2023-08-07 11:52:15,464 INFO o.r.c.p.ConnectionPool [redisson-netty-2-30] 1 connections initialized for tcp.appengine.bfcplatform.vn/103.69.194.195:19261
