2023-10-23 00:05:08,003 DEBUG o.s.d.m.c.MongoTemplate [org.springframework.kafka.KafkaListenerEndpointContainer#2-0-C-1] find using query: { "username" : "lambro25102001"} fields: Document{{}} for class: class com.salespage.salespageservice.domains.entities.Account in collection: account
2023-10-23 00:05:08,060 DEBUG o.s.d.m.c.MongoTemplate [org.springframework.kafka.KafkaListenerEndpointContainer#2-0-C-1] Saving Document containing fields: [_id, username, password, salt, role, user_state, last_login, _class]
2023-10-23 00:05:08,131 DEBUG o.s.d.m.c.MongoTemplate [org.springframework.kafka.KafkaListenerEndpointContainer#2-0-C-1] find using query: { "username" : "lambro25102001", "date" : "23/10/2023"} fields: Document{{}} for class: class com.salespage.salespageservice.domains.entities.CheckInDaily in collection: check_in_daily
2023-10-23 00:05:08,179 DEBUG o.s.d.m.c.MongoTemplate [org.springframework.kafka.KafkaListenerEndpointContainer#2-0-C-1] Inserting Document containing fields: [date, username, check_in, created_at, updated_at, _class] in collection: check_in_daily
2023-10-23 00:05:08,233 DEBUG o.s.d.m.c.MongoTemplate [org.springframework.kafka.KafkaListenerEndpointContainer#2-0-C-1] find using query: { "username" : "lambro25102001"} fields: Document{{}} for class: class com.salespage.salespageservice.domains.entities.Account in collection: account
2023-10-23 00:16:43,354 INFO o.s.w.s.c.WebSocketMessageBrokerStats [MessageBroker-1] WebSocketSession[0 current WS(0)-HttpStream(0)-HttpPoll(0), 0 total, 0 closed abnormally (0 connect failure, 0 send limit, 0 transport error)], stompSubProtocol[processed CONNECT(0)-CONNECTED(0)-DISCONNECT(0)], stompBrokerRelay[null], inboundChannel[pool size = 0, active threads = 0, queued tasks = 0, completed tasks = 0], outboundChannel[pool size = 0, active threads = 0, queued tasks = 0, completed tasks = 0], sockJsScheduler[pool size = 2, active threads = 1, queued tasks = 0, completed tasks = 1]
2023-10-23 00:19:29,800 DEBUG o.s.d.m.c.MongoTemplate [org.springframework.kafka.KafkaListenerEndpointContainer#2-0-C-1] find using query: { "username" : "lambro25102001"} fields: Document{{}} for class: class com.salespage.salespageservice.domains.entities.Account in collection: account
2023-10-23 00:19:29,915 DEBUG o.s.d.m.c.MongoTemplate [org.springframework.kafka.KafkaListenerEndpointContainer#2-0-C-1] find using query: { "username" : "lambro25102001"} fields: Document{{}} for class: class com.salespage.salespageservice.domains.entities.Account in collection: account
2023-10-23 00:20:01,163 DEBUG o.s.d.m.c.MongoTemplate [org.springframework.kafka.KafkaListenerEndpointContainer#2-0-C-1] find using query: { "username" : "lambro25102001"} fields: Document{{}} for class: class com.salespage.salespageservice.domains.entities.Account in collection: account
2023-10-23 00:20:01,275 DEBUG o.s.d.m.c.MongoTemplate [org.springframework.kafka.KafkaListenerEndpointContainer#2-0-C-1] find using query: { "username" : "lambro25102001"} fields: Document{{}} for class: class com.salespage.salespageservice.domains.entities.Account in collection: account
2023-10-23 00:20:24,908 DEBUG o.s.d.m.c.MongoTemplate [org.springframework.kafka.KafkaListenerEndpointContainer#2-0-C-1] find using query: { "username" : "lambro25102001"} fields: Document{{}} for class: class com.salespage.salespageservice.domains.entities.Account in collection: account
2023-10-23 00:20:25,018 DEBUG o.s.d.m.c.MongoTemplate [org.springframework.kafka.KafkaListenerEndpointContainer#2-0-C-1] find using query: { "username" : "lambro25102001"} fields: Document{{}} for class: class com.salespage.salespageservice.domains.entities.Account in collection: account
2023-10-23 00:20:33,565 DEBUG o.s.d.m.c.MongoTemplate [org.springframework.kafka.KafkaListenerEndpointContainer#2-0-C-1] find using query: { "username" : "lambro25102001"} fields: Document{{}} for class: class com.salespage.salespageservice.domains.entities.Account in collection: account
2023-10-23 00:20:33,689 DEBUG o.s.d.m.c.MongoTemplate [org.springframework.kafka.KafkaListenerEndpointContainer#2-0-C-1] find using query: { "username" : "lambro25102001"} fields: Document{{}} for class: class com.salespage.salespageservice.domains.entities.Account in collection: account
2023-10-23 00:21:27,112 DEBUG o.s.d.m.c.MongoTemplate [org.springframework.kafka.KafkaListenerEndpointContainer#2-0-C-1] find using query: { "username" : "lambro25102001"} fields: Document{{}} for class: class com.salespage.salespageservice.domains.entities.Account in collection: account
2023-10-23 00:21:27,244 DEBUG o.s.d.m.c.MongoTemplate [org.springframework.kafka.KafkaListenerEndpointContainer#2-0-C-1] find using query: { "username" : "lambro25102001"} fields: Document{{}} for class: class com.salespage.salespageservice.domains.entities.Account in collection: account
2023-10-23 00:21:35,158 DEBUG o.s.d.m.c.MongoTemplate [org.springframework.kafka.KafkaListenerEndpointContainer#2-0-C-1] find using query: { "username" : "lambro25102001"} fields: Document{{}} for class: class com.salespage.salespageservice.domains.entities.Account in collection: account
2023-10-23 00:21:35,276 DEBUG o.s.d.m.c.MongoTemplate [org.springframework.kafka.KafkaListenerEndpointContainer#2-0-C-1] find using query: { "username" : "lambro25102001"} fields: Document{{}} for class: class com.salespage.salespageservice.domains.entities.Account in collection: account
2023-10-23 00:22:18,126 DEBUG o.s.d.m.c.MongoTemplate [org.springframework.kafka.KafkaListenerEndpointContainer#2-0-C-1] find using query: { "username" : "lambro25102001"} fields: Document{{}} for class: class com.salespage.salespageservice.domains.entities.Account in collection: account
2023-10-23 00:22:18,231 DEBUG o.s.d.m.c.MongoTemplate [org.springframework.kafka.KafkaListenerEndpointContainer#2-0-C-1] find using query: { "username" : "lambro25102001"} fields: Document{{}} for class: class com.salespage.salespageservice.domains.entities.Account in collection: account
2023-10-23 00:23:07,273 DEBUG o.s.d.m.c.MongoTemplate [org.springframework.kafka.KafkaListenerEndpointContainer#2-0-C-1] find using query: { "username" : "lambro25102001"} fields: Document{{}} for class: class com.salespage.salespageservice.domains.entities.Account in collection: account
2023-10-23 00:23:07,389 DEBUG o.s.d.m.c.MongoTemplate [org.springframework.kafka.KafkaListenerEndpointContainer#2-0-C-1] find using query: { "username" : "lambro25102001"} fields: Document{{}} for class: class com.salespage.salespageservice.domains.entities.Account in collection: account
2023-10-23 00:23:52,107 DEBUG o.s.d.m.c.MongoTemplate [org.springframework.kafka.KafkaListenerEndpointContainer#2-0-C-1] find using query: { "username" : "lambro25102001"} fields: Document{{}} for class: class com.salespage.salespageservice.domains.entities.Account in collection: account
2023-10-23 00:23:52,221 DEBUG o.s.d.m.c.MongoTemplate [org.springframework.kafka.KafkaListenerEndpointContainer#2-0-C-1] find using query: { "username" : "lambro25102001"} fields: Document{{}} for class: class com.salespage.salespageservice.domains.entities.Account in collection: account
2023-10-23 00:25:12,189 DEBUG o.s.d.m.c.MongoTemplate [org.springframework.kafka.KafkaListenerEndpointContainer#2-0-C-1] find using query: { "username" : "lambro25102001"} fields: Document{{}} for class: class com.salespage.salespageservice.domains.entities.Account in collection: account
2023-10-23 00:25:12,296 DEBUG o.s.d.m.c.MongoTemplate [org.springframework.kafka.KafkaListenerEndpointContainer#2-0-C-1] find using query: { "username" : "lambro25102001"} fields: Document{{}} for class: class com.salespage.salespageservice.domains.entities.Account in collection: account
2023-10-23 00:25:22,509 DEBUG o.s.d.m.c.MongoTemplate [org.springframework.kafka.KafkaListenerEndpointContainer#2-0-C-1] find using query: { "username" : "lambro25102001"} fields: Document{{}} for class: class com.salespage.salespageservice.domains.entities.Account in collection: account
2023-10-23 00:25:22,622 DEBUG o.s.d.m.c.MongoTemplate [org.springframework.kafka.KafkaListenerEndpointContainer#2-0-C-1] find using query: { "username" : "lambro25102001"} fields: Document{{}} for class: class com.salespage.salespageservice.domains.entities.Account in collection: account
2023-10-23 00:25:45,449 DEBUG o.s.d.m.c.MongoTemplate [org.springframework.kafka.KafkaListenerEndpointContainer#2-0-C-1] find using query: { "username" : "lambro25102001"} fields: Document{{}} for class: class com.salespage.salespageservice.domains.entities.Account in collection: account
2023-10-23 00:25:45,559 DEBUG o.s.d.m.c.MongoTemplate [org.springframework.kafka.KafkaListenerEndpointContainer#2-0-C-1] find using query: { "username" : "lambro25102001"} fields: Document{{}} for class: class com.salespage.salespageservice.domains.entities.Account in collection: account
2023-10-23 00:26:34,115 DEBUG o.s.d.m.c.MongoTemplate [org.springframework.kafka.KafkaListenerEndpointContainer#2-0-C-1] find using query: { "username" : "lambro25102001"} fields: Document{{}} for class: class com.salespage.salespageservice.domains.entities.Account in collection: account
2023-10-23 00:26:34,224 DEBUG o.s.d.m.c.MongoTemplate [org.springframework.kafka.KafkaListenerEndpointContainer#2-0-C-1] find using query: { "username" : "lambro25102001"} fields: Document{{}} for class: class com.salespage.salespageservice.domains.entities.Account in collection: account
2023-10-23 00:27:06,128 DEBUG o.s.d.m.c.MongoTemplate [org.springframework.kafka.KafkaListenerEndpointContainer#2-0-C-1] find using query: { "username" : "lambro25102001"} fields: Document{{}} for class: class com.salespage.salespageservice.domains.entities.Account in collection: account
2023-10-23 00:27:06,216 DEBUG o.s.d.m.c.MongoTemplate [org.springframework.kafka.KafkaListenerEndpointContainer#2-0-C-1] find using query: { "username" : "lambro25102001"} fields: Document{{}} for class: class com.salespage.salespageservice.domains.entities.Account in collection: account
2023-10-23 00:28:22,022 DEBUG o.s.d.m.c.MongoTemplate [org.springframework.kafka.KafkaListenerEndpointContainer#2-0-C-1] find using query: { "username" : "lambro25102001"} fields: Document{{}} for class: class com.salespage.salespageservice.domains.entities.Account in collection: account
2023-10-23 00:28:22,112 DEBUG o.s.d.m.c.MongoTemplate [org.springframework.kafka.KafkaListenerEndpointContainer#2-0-C-1] find using query: { "username" : "lambro25102001"} fields: Document{{}} for class: class com.salespage.salespageservice.domains.entities.Account in collection: account
2023-10-23 00:29:35,147 DEBUG o.s.d.m.c.MongoTemplate [org.springframework.kafka.KafkaListenerEndpointContainer#2-0-C-1] find using query: { "username" : "lambro25102001"} fields: Document{{}} for class: class com.salespage.salespageservice.domains.entities.Account in collection: account
2023-10-23 00:29:35,264 DEBUG o.s.d.m.c.MongoTemplate [org.springframework.kafka.KafkaListenerEndpointContainer#2-0-C-1] find using query: { "username" : "lambro25102001"} fields: Document{{}} for class: class com.salespage.salespageservice.domains.entities.Account in collection: account
2023-10-23 00:29:57,079 DEBUG o.s.d.m.c.MongoTemplate [org.springframework.kafka.KafkaListenerEndpointContainer#2-0-C-1] find using query: { "username" : "lambro25102001"} fields: Document{{}} for class: class com.salespage.salespageservice.domains.entities.Account in collection: account
2023-10-23 00:29:57,191 DEBUG o.s.d.m.c.MongoTemplate [org.springframework.kafka.KafkaListenerEndpointContainer#2-0-C-1] find using query: { "username" : "lambro25102001"} fields: Document{{}} for class: class com.salespage.salespageservice.domains.entities.Account in collection: account
2023-10-23 00:30:27,089 DEBUG o.s.d.m.c.MongoTemplate [org.springframework.kafka.KafkaListenerEndpointContainer#2-0-C-1] find using query: { "username" : "lambro25102001"} fields: Document{{}} for class: class com.salespage.salespageservice.domains.entities.Account in collection: account
2023-10-23 00:30:27,267 DEBUG o.s.d.m.c.MongoTemplate [org.springframework.kafka.KafkaListenerEndpointContainer#2-0-C-1] find using query: { "username" : "lambro25102001"} fields: Document{{}} for class: class com.salespage.salespageservice.domains.entities.Account in collection: account
2023-10-23 00:30:50,094 DEBUG o.s.d.m.c.MongoTemplate [org.springframework.kafka.KafkaListenerEndpointContainer#2-0-C-1] find using query: { "username" : "lambro25102001"} fields: Document{{}} for class: class com.salespage.salespageservice.domains.entities.Account in collection: account
2023-10-23 00:30:50,199 DEBUG o.s.d.m.c.MongoTemplate [org.springframework.kafka.KafkaListenerEndpointContainer#2-0-C-1] find using query: { "username" : "lambro25102001"} fields: Document{{}} for class: class com.salespage.salespageservice.domains.entities.Account in collection: account
2023-10-23 00:31:41,496 DEBUG o.s.d.m.c.MongoTemplate [org.springframework.kafka.KafkaListenerEndpointContainer#2-0-C-1] find using query: { "username" : "lambro25102001"} fields: Document{{}} for class: class com.salespage.salespageservice.domains.entities.Account in collection: account
2023-10-23 00:31:41,609 DEBUG o.s.d.m.c.MongoTemplate [org.springframework.kafka.KafkaListenerEndpointContainer#2-0-C-1] find using query: { "username" : "lambro25102001"} fields: Document{{}} for class: class com.salespage.salespageservice.domains.entities.Account in collection: account
2023-10-23 00:32:34,101 DEBUG o.s.d.m.c.MongoTemplate [org.springframework.kafka.KafkaListenerEndpointContainer#2-0-C-1] find using query: { "username" : "lambro25102001"} fields: Document{{}} for class: class com.salespage.salespageservice.domains.entities.Account in collection: account
2023-10-23 00:32:34,257 DEBUG o.s.d.m.c.MongoTemplate [org.springframework.kafka.KafkaListenerEndpointContainer#2-0-C-1] find using query: { "username" : "lambro25102001"} fields: Document{{}} for class: class com.salespage.salespageservice.domains.entities.Account in collection: account
2023-10-23 00:32:37,099 DEBUG o.s.d.m.c.MongoTemplate [org.springframework.kafka.KafkaListenerEndpointContainer#2-0-C-1] find using query: { "username" : "lambro25102001"} fields: Document{{}} for class: class com.salespage.salespageservice.domains.entities.Account in collection: account
2023-10-23 00:32:37,211 DEBUG o.s.d.m.c.MongoTemplate [org.springframework.kafka.KafkaListenerEndpointContainer#2-0-C-1] find using query: { "username" : "lambro25102001"} fields: Document{{}} for class: class com.salespage.salespageservice.domains.entities.Account in collection: account
2023-10-23 00:33:22,709 DEBUG o.s.d.m.c.MongoTemplate [org.springframework.kafka.KafkaListenerEndpointContainer#2-0-C-1] find using query: { "username" : "lambro25102001"} fields: Document{{}} for class: class com.salespage.salespageservice.domains.entities.Account in collection: account
2023-10-23 00:33:22,815 DEBUG o.s.d.m.c.MongoTemplate [org.springframework.kafka.KafkaListenerEndpointContainer#2-0-C-1] find using query: { "username" : "lambro25102001"} fields: Document{{}} for class: class com.salespage.salespageservice.domains.entities.Account in collection: account
2023-10-23 00:34:18,464 DEBUG o.s.b.a.ApplicationAvailabilityBean [SpringApplicationShutdownHook] Application availability state ReadinessState changed from ACCEPTING_TRAFFIC to REFUSING_TRAFFIC
2023-10-23 00:34:18,465 DEBUG o.s.c.s.AbstractApplicationContext [SpringApplicationShutdownHook] Closing org.springframework.boot.web.servlet.context.AnnotationConfigServletWebServerApplicationContext@648ee871, started on Sun Oct 22 23:45:39 ICT 2023
2023-10-23 00:34:18,465 DEBUG o.s.c.e.PropertySourcesPropertyResolver [SpringApplicationShutdownHook] Found key 'spring.liveBeansView.mbeanDomain' in PropertySource 'systemProperties' with value of type String
2023-10-23 00:34:18,467 DEBUG o.s.c.l.CompositeLog [SpringApplicationShutdownHook] clientOutboundChannel removed SubProtocolWebSocketHandler[StompSubProtocolHandler[v10.stomp, v11.stomp, v12.stomp]]
2023-10-23 00:34:18,467 DEBUG o.s.c.l.CompositeLog [SpringApplicationShutdownHook] clientInboundChannel removed WebSocketAnnotationMethodMessageHandler[prefixes=[/app/]]
2023-10-23 00:34:18,467 INFO o.s.c.l.CompositeLog [SpringApplicationShutdownHook] Stopping...
2023-10-23 00:34:18,467 INFO o.s.c.l.CompositeLog [SpringApplicationShutdownHook] BrokerAvailabilityEvent[available=false, SimpleBrokerMessageHandler [DefaultSubscriptionRegistry[cache[0 destination(s)], registry[0 sessions]]]]
2023-10-23 00:34:18,467 DEBUG o.s.c.l.CompositeLog [SpringApplicationShutdownHook] clientInboundChannel removed SimpleBrokerMessageHandler [DefaultSubscriptionRegistry[cache[0 destination(s)], registry[0 sessions]]]
2023-10-23 00:34:18,467 DEBUG o.s.c.l.CompositeLog [SpringApplicationShutdownHook] brokerChannel removed SimpleBrokerMessageHandler [DefaultSubscriptionRegistry[cache[0 destination(s)], registry[0 sessions]]]
2023-10-23 00:34:18,468 INFO o.s.c.l.CompositeLog [SpringApplicationShutdownHook] Stopped.
2023-10-23 00:34:18,468 DEBUG o.s.c.l.CompositeLog [SpringApplicationShutdownHook] clientInboundChannel removed UserDestinationMessageHandler[DefaultUserDestinationResolver[prefix=/user/]]
2023-10-23 00:34:18,468 DEBUG o.s.c.l.CompositeLog [SpringApplicationShutdownHook] brokerChannel removed UserDestinationMessageHandler[DefaultUserDestinationResolver[prefix=/user/]]
2023-10-23 00:34:18,474 INFO o.e.j.s.AbstractConnector [SpringApplicationShutdownHook] Stopped ServerConnector@6e95973c{HTTP/1.1, (http/1.1)}{0.0.0.0:8080}
2023-10-23 00:34:18,475 INFO o.e.j.s.s.HouseKeeper [SpringApplicationShutdownHook] node0 Stopped scavenging
2023-10-23 00:34:18,476 INFO o.e.j.s.h.ContextHandler$Context [SpringApplicationShutdownHook] Destroying Spring FrameworkServlet 'dispatcherServlet'
2023-10-23 00:34:18,476 INFO o.e.j.s.h.ContextHandler [SpringApplicationShutdownHook] Stopped o.s.b.w.e.j.JettyEmbeddedWebAppContext@3f2afa8b{application,/,[file:///C:/Users/Admin/AppData/Local/Temp/jetty-docbase.8080.9621703911606464185/, jar:file:/C:/Users/Admin/.m2/repository/org/webjars/swagger-ui/4.17.1/swagger-ui-4.17.1.jar!/META-INF/resources, jar:file:/C:/Users/Admin/.m2/repository/org/webjars/jquery/3.6.1/jquery-3.6.1.jar!/META-INF/resources],STOPPED}
2023-10-23 00:34:18,482 INFO o.a.k.c.c.i.ConsumerCoordinator [org.springframework.kafka.KafkaListenerEndpointContainer#2-0-C-1] [Consumer clientId=consumer-bizfly-7-453-PaymentTransaction-1, groupId=bizfly-7-453-PaymentTransaction] Revoke previously assigned partitions bizfly-7-453-CheckInTopic-0
2023-10-23 00:34:18,482 INFO o.a.k.c.c.i.AbstractCoordinator [org.springframework.kafka.KafkaListenerEndpointContainer#1-0-C-1] [Consumer clientId=consumer-bizfly-7-453-PaymentTransaction-3, groupId=bizfly-7-453-PaymentTransaction] Member consumer-bizfly-7-453-PaymentTransaction-3-b1f31964-7fac-47c5-9dd5-e571cb181caa sending LeaveGroup request to coordinator 123.31.11.247:9094 (id: 2147483643 rack: null) due to the consumer unsubscribed from all topics
2023-10-23 00:34:18,482 INFO o.a.k.c.c.i.AbstractCoordinator [org.springframework.kafka.KafkaListenerEndpointContainer#0-0-C-1] [Consumer clientId=consumer-bizfly-7-453-PaymentTransaction-2, groupId=bizfly-7-453-PaymentTransaction] Member consumer-bizfly-7-453-PaymentTransaction-2-79837705-fbe1-4ece-a174-302c9b51a510 sending LeaveGroup request to coordinator 123.31.11.247:9094 (id: 2147483643 rack: null) due to the consumer unsubscribed from all topics
2023-10-23 00:34:18,482 INFO o.s.c.l.LogAccessor [org.springframework.kafka.KafkaListenerEndpointContainer#2-0-C-1] bizfly-7-453-PaymentTransaction: partitions revoked: [bizfly-7-453-CheckInTopic-0]
2023-10-23 00:34:18,483 INFO o.a.k.c.c.i.AbstractCoordinator [org.springframework.kafka.KafkaListenerEndpointContainer#2-0-C-1] [Consumer clientId=consumer-bizfly-7-453-PaymentTransaction-1, groupId=bizfly-7-453-PaymentTransaction] Member consumer-bizfly-7-453-PaymentTransaction-1-3bdbe424-afae-4f02-a48b-054d67a79188 sending LeaveGroup request to coordinator 123.31.11.247:9094 (id: 2147483643 rack: null) due to the consumer unsubscribed from all topics
2023-10-23 00:34:18,484 INFO o.a.k.c.c.i.AbstractCoordinator [org.springframework.kafka.KafkaListenerEndpointContainer#1-0-C-1] [Consumer clientId=consumer-bizfly-7-453-PaymentTransaction-3, groupId=bizfly-7-453-PaymentTransaction] Resetting generation due to: consumer pro-actively leaving the group
2023-10-23 00:34:18,484 INFO o.a.k.c.c.i.AbstractCoordinator [org.springframework.kafka.KafkaListenerEndpointContainer#0-0-C-1] [Consumer clientId=consumer-bizfly-7-453-PaymentTransaction-2, groupId=bizfly-7-453-PaymentTransaction] Resetting generation due to: consumer pro-actively leaving the group
2023-10-23 00:34:18,484 INFO o.a.k.c.c.i.AbstractCoordinator [org.springframework.kafka.KafkaListenerEndpointContainer#2-0-C-1] [Consumer clientId=consumer-bizfly-7-453-PaymentTransaction-1, groupId=bizfly-7-453-PaymentTransaction] Resetting generation due to: consumer pro-actively leaving the group
2023-10-23 00:34:18,484 INFO o.a.k.c.c.i.AbstractCoordinator [org.springframework.kafka.KafkaListenerEndpointContainer#1-0-C-1] [Consumer clientId=consumer-bizfly-7-453-PaymentTransaction-3, groupId=bizfly-7-453-PaymentTransaction] Request joining group due to: consumer pro-actively leaving the group
2023-10-23 00:34:18,484 INFO o.a.k.c.c.i.AbstractCoordinator [org.springframework.kafka.KafkaListenerEndpointContainer#0-0-C-1] [Consumer clientId=consumer-bizfly-7-453-PaymentTransaction-2, groupId=bizfly-7-453-PaymentTransaction] Request joining group due to: consumer pro-actively leaving the group
2023-10-23 00:34:18,484 INFO o.a.k.c.c.i.AbstractCoordinator [org.springframework.kafka.KafkaListenerEndpointContainer#2-0-C-1] [Consumer clientId=consumer-bizfly-7-453-PaymentTransaction-1, groupId=bizfly-7-453-PaymentTransaction] Request joining group due to: consumer pro-actively leaving the group
2023-10-23 00:34:18,484 INFO o.a.k.c.c.KafkaConsumer [org.springframework.kafka.KafkaListenerEndpointContainer#1-0-C-1] [Consumer clientId=consumer-bizfly-7-453-PaymentTransaction-3, groupId=bizfly-7-453-PaymentTransaction] Unsubscribed all topics or patterns and assigned partitions
2023-10-23 00:34:18,484 INFO o.a.k.c.c.KafkaConsumer [org.springframework.kafka.KafkaListenerEndpointContainer#0-0-C-1] [Consumer clientId=consumer-bizfly-7-453-PaymentTransaction-2, groupId=bizfly-7-453-PaymentTransaction] Unsubscribed all topics or patterns and assigned partitions
2023-10-23 00:34:18,484 INFO o.a.k.c.c.KafkaConsumer [org.springframework.kafka.KafkaListenerEndpointContainer#2-0-C-1] [Consumer clientId=consumer-bizfly-7-453-PaymentTransaction-1, groupId=bizfly-7-453-PaymentTransaction] Unsubscribed all topics or patterns and assigned partitions
2023-10-23 00:34:18,484 INFO o.a.k.c.c.i.AbstractCoordinator [org.springframework.kafka.KafkaListenerEndpointContainer#0-0-C-1] [Consumer clientId=consumer-bizfly-7-453-PaymentTransaction-2, groupId=bizfly-7-453-PaymentTransaction] Resetting generation due to: consumer pro-actively leaving the group
2023-10-23 00:34:18,484 INFO o.a.k.c.c.i.AbstractCoordinator [org.springframework.kafka.KafkaListenerEndpointContainer#2-0-C-1] [Consumer clientId=consumer-bizfly-7-453-PaymentTransaction-1, groupId=bizfly-7-453-PaymentTransaction] Resetting generation due to: consumer pro-actively leaving the group
2023-10-23 00:34:18,484 INFO o.a.k.c.c.i.AbstractCoordinator [org.springframework.kafka.KafkaListenerEndpointContainer#1-0-C-1] [Consumer clientId=consumer-bizfly-7-453-PaymentTransaction-3, groupId=bizfly-7-453-PaymentTransaction] Resetting generation due to: consumer pro-actively leaving the group
2023-10-23 00:34:18,484 INFO o.a.k.c.c.i.AbstractCoordinator [org.springframework.kafka.KafkaListenerEndpointContainer#0-0-C-1] [Consumer clientId=consumer-bizfly-7-453-PaymentTransaction-2, groupId=bizfly-7-453-PaymentTransaction] Request joining group due to: consumer pro-actively leaving the group
2023-10-23 00:34:18,484 INFO o.a.k.c.c.i.AbstractCoordinator [org.springframework.kafka.KafkaListenerEndpointContainer#2-0-C-1] [Consumer clientId=consumer-bizfly-7-453-PaymentTransaction-1, groupId=bizfly-7-453-PaymentTransaction] Request joining group due to: consumer pro-actively leaving the group
2023-10-23 00:34:18,484 INFO o.a.k.c.c.i.AbstractCoordinator [org.springframework.kafka.KafkaListenerEndpointContainer#1-0-C-1] [Consumer clientId=consumer-bizfly-7-453-PaymentTransaction-3, groupId=bizfly-7-453-PaymentTransaction] Request joining group due to: consumer pro-actively leaving the group
2023-10-23 00:34:18,495 INFO o.a.k.c.m.Metrics [org.springframework.kafka.KafkaListenerEndpointContainer#0-0-C-1] Metrics scheduler closed
2023-10-23 00:34:18,495 INFO o.a.k.c.m.Metrics [org.springframework.kafka.KafkaListenerEndpointContainer#2-0-C-1] Metrics scheduler closed
2023-10-23 00:34:18,495 INFO o.a.k.c.m.Metrics [org.springframework.kafka.KafkaListenerEndpointContainer#0-0-C-1] Closing reporter org.apache.kafka.common.metrics.JmxReporter
2023-10-23 00:34:18,496 INFO o.a.k.c.m.Metrics [org.springframework.kafka.KafkaListenerEndpointContainer#2-0-C-1] Closing reporter org.apache.kafka.common.metrics.JmxReporter
2023-10-23 00:34:18,496 INFO o.a.k.c.m.Metrics [org.springframework.kafka.KafkaListenerEndpointContainer#0-0-C-1] Metrics reporters closed
2023-10-23 00:34:18,496 INFO o.a.k.c.m.Metrics [org.springframework.kafka.KafkaListenerEndpointContainer#2-0-C-1] Metrics reporters closed
2023-10-23 00:34:18,496 INFO o.a.k.c.m.Metrics [org.springframework.kafka.KafkaListenerEndpointContainer#1-0-C-1] Metrics scheduler closed
2023-10-23 00:34:18,496 INFO o.a.k.c.m.Metrics [org.springframework.kafka.KafkaListenerEndpointContainer#1-0-C-1] Closing reporter org.apache.kafka.common.metrics.JmxReporter
2023-10-23 00:34:18,496 INFO o.a.k.c.m.Metrics [org.springframework.kafka.KafkaListenerEndpointContainer#1-0-C-1] Metrics reporters closed
2023-10-23 00:34:18,499 INFO o.a.k.c.u.AppInfoParser [org.springframework.kafka.KafkaListenerEndpointContainer#0-0-C-1] App info kafka.consumer for consumer-bizfly-7-453-PaymentTransaction-2 unregistered
2023-10-23 00:34:18,499 INFO o.s.c.l.LogAccessor [org.springframework.kafka.KafkaListenerEndpointContainer#0-0-C-1] bizfly-7-453-PaymentTransaction: Consumer stopped
2023-10-23 00:34:18,499 INFO o.a.k.c.u.AppInfoParser [org.springframework.kafka.KafkaListenerEndpointContainer#1-0-C-1] App info kafka.consumer for consumer-bizfly-7-453-PaymentTransaction-3 unregistered
2023-10-23 00:34:18,499 INFO o.s.c.l.LogAccessor [org.springframework.kafka.KafkaListenerEndpointContainer#1-0-C-1] bizfly-7-453-PaymentTransaction: Consumer stopped
2023-10-23 00:34:18,500 INFO o.a.k.c.u.AppInfoParser [org.springframework.kafka.KafkaListenerEndpointContainer#2-0-C-1] App info kafka.consumer for consumer-bizfly-7-453-PaymentTransaction-1 unregistered
2023-10-23 00:34:18,500 INFO o.s.c.l.LogAccessor [org.springframework.kafka.KafkaListenerEndpointContainer#2-0-C-1] bizfly-7-453-PaymentTransaction: Consumer stopped
2023-10-23 00:34:18,511 INFO o.a.k.c.p.KafkaProducer [SpringApplicationShutdownHook] [Producer clientId=producer-1] Closing the Kafka producer with timeoutMillis = 30000 ms.
2023-10-23 00:34:18,513 INFO o.a.k.c.m.Metrics [SpringApplicationShutdownHook] Metrics scheduler closed
2023-10-23 00:34:18,513 INFO o.a.k.c.m.Metrics [SpringApplicationShutdownHook] Closing reporter org.apache.kafka.common.metrics.JmxReporter
2023-10-23 00:34:18,513 INFO o.a.k.c.m.Metrics [SpringApplicationShutdownHook] Metrics reporters closed
2023-10-23 00:34:18,513 INFO o.a.k.c.u.AppInfoParser [SpringApplicationShutdownHook] App info kafka.producer for producer-1 unregistered
