[33m26/10/23 11:42:09[m | [32mINFO [m | sale_service | 0 | [34mVersion.java[m: HV000001: Hibernate Validator 6.2.5.Final
[33m26/10/23 11:42:09[m | [32mINFO [m | sale_service | 0 | [34mStartupInfoLogger.java[m: Starting SalesPageAdminServiceApplication using Java 17.0.7 on lam with PID 11617 (/home/lam/IdeaProjects/salespage-service/target/classes started by lam in /home/lam/IdeaProjects/salespage-service)
[33m26/10/23 11:42:09[m | [32mINFO [m | sale_service | 0 | [34mSpringApplication.java[m: No active profile set, falling back to 1 default profile: "default"
[33m26/10/23 11:42:09[m | [36mDEBUG[m | sale_service | 0 | [34mSpringApplication.java[m: Loading source class com.salespage.salespageservice.SalesPageAdminServiceApplication
[33m26/10/23 11:42:09[m | [36mDEBUG[m | sale_service | 0 | [34mAbstractApplicationContext.java[m: Refreshing org.springframework.boot.web.servlet.context.AnnotationConfigServletWebServerApplicationContext@6f0628de
[33m26/10/23 11:42:10[m | [32mINFO [m | sale_service | 0 | [34mRepositoryConfigurationDelegate.java[m: Multiple Spring Data modules found, entering strict repository configuration mode
[33m26/10/23 11:42:10[m | [32mINFO [m | sale_service | 0 | [34mRepositoryConfigurationDelegate.java[m: Bootstrapping Spring Data MongoDB repositories in DEFAULT mode.
[33m26/10/23 11:42:10[m | [32mINFO [m | sale_service | 0 | [34mRepositoryConfigurationDelegate.java[m: Finished Spring Data repository scanning in 237 ms. Found 33 MongoDB repository interfaces.
[33m26/10/23 11:42:10[m | [32mINFO [m | sale_service | 0 | [34mRepositoryConfigurationDelegate.java[m: Multiple Spring Data modules found, entering strict repository configuration mode
[33m26/10/23 11:42:10[m | [32mINFO [m | sale_service | 0 | [34mRepositoryConfigurationDelegate.java[m: Bootstrapping Spring Data Redis repositories in DEFAULT mode.
[33m26/10/23 11:42:10[m | [36mDEBUG[m | sale_service | 0 | [34mAutoConfigurationPackages.java[m: @EnableAutoConfiguration was declared on a class in the package 'com.salespage.salespageservice'. Automatic @Repository and @Entity scanning is enabled.
[33m26/10/23 11:42:10[m | [32mINFO [m | sale_service | 0 | [34mRepositoryConfigurationExtensionSupport.java[m: Spring Data Redis - Could not safely identify store assignment for repository candidate interface com.salespage.salespageservice.domains.repositories.AccountRepository; If you want this repository to be a Redis repository, consider annotating your entities with one of these annotations: org.springframework.data.redis.core.RedisHash (preferred), or consider extending one of the following types with your repository: org.springframework.data.keyvalue.repository.KeyValueRepository
[33m26/10/23 11:42:10[m | [32mINFO [m | sale_service | 0 | [34mRepositoryConfigurationExtensionSupport.java[m: Spring Data Redis - Could not safely identify store assignment for repository candidate interface com.salespage.salespageservice.domains.repositories.BankAccountRepository; If you want this repository to be a Redis repository, consider annotating your entities with one of these annotations: org.springframework.data.redis.core.RedisHash (preferred), or consider extending one of the following types with your repository: org.springframework.data.keyvalue.repository.KeyValueRepository
[33m26/10/23 11:42:10[m | [32mINFO [m | sale_service | 0 | [34mRepositoryConfigurationExtensionSupport.java[m: Spring Data Redis - Could not safely identify store assignment for repository candidate interface com.salespage.salespageservice.domains.repositories.BankTransactionRepository; If you want this repository to be a Redis repository, consider annotating your entities with one of these annotations: org.springframework.data.redis.core.RedisHash (preferred), or consider extending one of the following types with your repository: org.springframework.data.keyvalue.repository.KeyValueRepository
[33m26/10/23 11:42:10[m | [32mINFO [m | sale_service | 0 | [34mRepositoryConfigurationExtensionSupport.java[m: Spring Data Redis - Could not safely identify store assignment for repository candidate interface com.salespage.salespageservice.domains.repositories.CartRepository; If you want this repository to be a Redis repository, consider annotating your entities with one of these annotations: org.springframework.data.redis.core.RedisHash (preferred), or consider extending one of the following types with your repository: org.springframework.data.keyvalue.repository.KeyValueRepository
[33m26/10/23 11:42:10[m | [32mINFO [m | sale_service | 0 | [34mRepositoryConfigurationExtensionSupport.java[m: Spring Data Redis - Could not safely identify store assignment for repository candidate interface com.salespage.salespageservice.domains.repositories.CheckInDailyRepository; If you want this repository to be a Redis repository, consider annotating your entities with one of these annotations: org.springframework.data.redis.core.RedisHash (preferred), or consider extending one of the following types with your repository: org.springframework.data.keyvalue.repository.KeyValueRepository
[33m26/10/23 11:42:10[m | [32mINFO [m | sale_service | 0 | [34mRepositoryConfigurationExtensionSupport.java[m: Spring Data Redis - Could not safely identify store assignment for repository candidate interface com.salespage.salespageservice.domains.repositories.CheckInDailyStatisticRepository; If you want this repository to be a Redis repository, consider annotating your entities with one of these annotations: org.springframework.data.redis.core.RedisHash (preferred), or consider extending one of the following types with your repository: org.springframework.data.keyvalue.repository.KeyValueRepository
[33m26/10/23 11:42:10[m | [32mINFO [m | sale_service | 0 | [34mRepositoryConfigurationExtensionSupport.java[m: Spring Data Redis - Could not safely identify store assignment for repository candidate interface com.salespage.salespageservice.domains.repositories.ConfigRepository; If you want this repository to be a Redis repository, consider annotating your entities with one of these annotations: org.springframework.data.redis.core.RedisHash (preferred), or consider extending one of the following types with your repository: org.springframework.data.keyvalue.repository.KeyValueRepository
[33m26/10/23 11:42:10[m | [32mINFO [m | sale_service | 0 | [34mRepositoryConfigurationExtensionSupport.java[m: Spring Data Redis - Could not safely identify store assignment for repository candidate interface com.salespage.salespageservice.domains.repositories.NotificationRepository; If you want this repository to be a Redis repository, consider annotating your entities with one of these annotations: org.springframework.data.redis.core.RedisHash (preferred), or consider extending one of the following types with your repository: org.springframework.data.keyvalue.repository.KeyValueRepository
[33m26/10/23 11:42:10[m | [32mINFO [m | sale_service | 0 | [34mRepositoryConfigurationExtensionSupport.java[m: Spring Data Redis - Could not safely identify store assignment for repository candidate interface com.salespage.salespageservice.domains.repositories.OtpRepository; If you want this repository to be a Redis repository, consider annotating your entities with one of these annotations: org.springframework.data.redis.core.RedisHash (preferred), or consider extending one of the following types with your repository: org.springframework.data.keyvalue.repository.KeyValueRepository
[33m26/10/23 11:42:10[m | [32mINFO [m | sale_service | 0 | [34mRepositoryConfigurationExtensionSupport.java[m: Spring Data Redis - Could not safely identify store assignment for repository candidate interface com.salespage.salespageservice.domains.repositories.PaymentTransactionRepository; If you want this repository to be a Redis repository, consider annotating your entities with one of these annotations: org.springframework.data.redis.core.RedisHash (preferred), or consider extending one of the following types with your repository: org.springframework.data.keyvalue.repository.KeyValueRepository
[33m26/10/23 11:42:10[m | [32mINFO [m | sale_service | 0 | [34mRepositoryConfigurationExtensionSupport.java[m: Spring Data Redis - Could not safely identify store assignment for repository candidate interface com.salespage.salespageservice.domains.repositories.ProductCategoryRepository; If you want this repository to be a Redis repository, consider annotating your entities with one of these annotations: org.springframework.data.redis.core.RedisHash (preferred), or consider extending one of the following types with your repository: org.springframework.data.keyvalue.repository.KeyValueRepository
[33m26/10/23 11:42:10[m | [32mINFO [m | sale_service | 0 | [34mRepositoryConfigurationExtensionSupport.java[m: Spring Data Redis - Could not safely identify store assignment for repository candidate interface com.salespage.salespageservice.domains.repositories.ProductComboDetailRepository; If you want this repository to be a Redis repository, consider annotating your entities with one of these annotations: org.springframework.data.redis.core.RedisHash (preferred), or consider extending one of the following types with your repository: org.springframework.data.keyvalue.repository.KeyValueRepository
[33m26/10/23 11:42:10[m | [32mINFO [m | sale_service | 0 | [34mRepositoryConfigurationExtensionSupport.java[m: Spring Data Redis - Could not safely identify store assignment for repository candidate interface com.salespage.salespageservice.domains.repositories.ProductComboRepository; If you want this repository to be a Redis repository, consider annotating your entities with one of these annotations: org.springframework.data.redis.core.RedisHash (preferred), or consider extending one of the following types with your repository: org.springframework.data.keyvalue.repository.KeyValueRepository
[33m26/10/23 11:42:10[m | [32mINFO [m | sale_service | 0 | [34mRepositoryConfigurationExtensionSupport.java[m: Spring Data Redis - Could not safely identify store assignment for repository candidate interface com.salespage.salespageservice.domains.repositories.ProductDetailRepository; If you want this repository to be a Redis repository, consider annotating your entities with one of these annotations: org.springframework.data.redis.core.RedisHash (preferred), or consider extending one of the following types with your repository: org.springframework.data.keyvalue.repository.KeyValueRepository
[33m26/10/23 11:42:10[m | [32mINFO [m | sale_service | 0 | [34mRepositoryConfigurationExtensionSupport.java[m: Spring Data Redis - Could not safely identify store assignment for repository candidate interface com.salespage.salespageservice.domains.repositories.ProductRepository; If you want this repository to be a Redis repository, consider annotating your entities with one of these annotations: org.springframework.data.redis.core.RedisHash (preferred), or consider extending one of the following types with your repository: org.springframework.data.keyvalue.repository.KeyValueRepository
[33m26/10/23 11:42:10[m | [32mINFO [m | sale_service | 0 | [34mRepositoryConfigurationExtensionSupport.java[m: Spring Data Redis - Could not safely identify store assignment for repository candidate interface com.salespage.salespageservice.domains.repositories.ProductStatisticRepository; If you want this repository to be a Redis repository, consider annotating your entities with one of these annotations: org.springframework.data.redis.core.RedisHash (preferred), or consider extending one of the following types with your repository: org.springframework.data.keyvalue.repository.KeyValueRepository
[33m26/10/23 11:42:10[m | [32mINFO [m | sale_service | 0 | [34mRepositoryConfigurationExtensionSupport.java[m: Spring Data Redis - Could not safely identify store assignment for repository candidate interface com.salespage.salespageservice.domains.repositories.ProductTransactionDetailRepository; If you want this repository to be a Redis repository, consider annotating your entities with one of these annotations: org.springframework.data.redis.core.RedisHash (preferred), or consider extending one of the following types with your repository: org.springframework.data.keyvalue.repository.KeyValueRepository
[33m26/10/23 11:42:10[m | [32mINFO [m | sale_service | 0 | [34mRepositoryConfigurationExtensionSupport.java[m: Spring Data Redis - Could not safely identify store assignment for repository candidate interface com.salespage.salespageservice.domains.repositories.ProductTransactionRepository; If you want this repository to be a Redis repository, consider annotating your entities with one of these annotations: org.springframework.data.redis.core.RedisHash (preferred), or consider extending one of the following types with your repository: org.springframework.data.keyvalue.repository.KeyValueRepository
[33m26/10/23 11:42:10[m | [32mINFO [m | sale_service | 0 | [34mRepositoryConfigurationExtensionSupport.java[m: Spring Data Redis - Could not safely identify store assignment for repository candidate interface com.salespage.salespageservice.domains.repositories.ProductTypeDetailRepository; If you want this repository to be a Redis repository, consider annotating your entities with one of these annotations: org.springframework.data.redis.core.RedisHash (preferred), or consider extending one of the following types with your repository: org.springframework.data.keyvalue.repository.KeyValueRepository
[33m26/10/23 11:42:10[m | [32mINFO [m | sale_service | 0 | [34mRepositoryConfigurationExtensionSupport.java[m: Spring Data Redis - Could not safely identify store assignment for repository candidate interface com.salespage.salespageservice.domains.repositories.ProductTypeRepository; If you want this repository to be a Redis repository, consider annotating your entities with one of these annotations: org.springframework.data.redis.core.RedisHash (preferred), or consider extending one of the following types with your repository: org.springframework.data.keyvalue.repository.KeyValueRepository
[33m26/10/23 11:42:10[m | [32mINFO [m | sale_service | 0 | [34mRepositoryConfigurationExtensionSupport.java[m: Spring Data Redis - Could not safely identify store assignment for repository candidate interface com.salespage.salespageservice.domains.repositories.RatingRepository; If you want this repository to be a Redis repository, consider annotating your entities with one of these annotations: org.springframework.data.redis.core.RedisHash (preferred), or consider extending one of the following types with your repository: org.springframework.data.keyvalue.repository.KeyValueRepository
[33m26/10/23 11:42:10[m | [32mINFO [m | sale_service | 0 | [34mRepositoryConfigurationExtensionSupport.java[m: Spring Data Redis - Could not safely identify store assignment for repository candidate interface com.salespage.salespageservice.domains.repositories.SearchHistoryRepository; If you want this repository to be a Redis repository, consider annotating your entities with one of these annotations: org.springframework.data.redis.core.RedisHash (preferred), or consider extending one of the following types with your repository: org.springframework.data.keyvalue.repository.KeyValueRepository
[33m26/10/23 11:42:10[m | [32mINFO [m | sale_service | 0 | [34mRepositoryConfigurationExtensionSupport.java[m: Spring Data Redis - Could not safely identify store assignment for repository candidate interface com.salespage.salespageservice.domains.repositories.SellerStoreRepository; If you want this repository to be a Redis repository, consider annotating your entities with one of these annotations: org.springframework.data.redis.core.RedisHash (preferred), or consider extending one of the following types with your repository: org.springframework.data.keyvalue.repository.KeyValueRepository
[33m26/10/23 11:42:10[m | [32mINFO [m | sale_service | 0 | [34mRepositoryConfigurationExtensionSupport.java[m: Spring Data Redis - Could not safely identify store assignment for repository candidate interface com.salespage.salespageservice.domains.repositories.ShipperRepository; If you want this repository to be a Redis repository, consider annotating your entities with one of these annotations: org.springframework.data.redis.core.RedisHash (preferred), or consider extending one of the following types with your repository: org.springframework.data.keyvalue.repository.KeyValueRepository
[33m26/10/23 11:42:10[m | [32mINFO [m | sale_service | 0 | [34mRepositoryConfigurationExtensionSupport.java[m: Spring Data Redis - Could not safely identify store assignment for repository candidate interface com.salespage.salespageservice.domains.repositories.StatisticCheckpointRepository; If you want this repository to be a Redis repository, consider annotating your entities with one of these annotations: org.springframework.data.redis.core.RedisHash (preferred), or consider extending one of the following types with your repository: org.springframework.data.keyvalue.repository.KeyValueRepository
[33m26/10/23 11:42:10[m | [32mINFO [m | sale_service | 0 | [34mRepositoryConfigurationExtensionSupport.java[m: Spring Data Redis - Could not safely identify store assignment for repository candidate interface com.salespage.salespageservice.domains.repositories.SystemLogRepository; If you want this repository to be a Redis repository, consider annotating your entities with one of these annotations: org.springframework.data.redis.core.RedisHash (preferred), or consider extending one of the following types with your repository: org.springframework.data.keyvalue.repository.KeyValueRepository
[33m26/10/23 11:42:10[m | [32mINFO [m | sale_service | 0 | [34mRepositoryConfigurationExtensionSupport.java[m: Spring Data Redis - Could not safely identify store assignment for repository candidate interface com.salespage.salespageservice.domains.repositories.TpBankTransactionRepository; If you want this repository to be a Redis repository, consider annotating your entities with one of these annotations: org.springframework.data.redis.core.RedisHash (preferred), or consider extending one of the following types with your repository: org.springframework.data.keyvalue.repository.KeyValueRepository
[33m26/10/23 11:42:10[m | [32mINFO [m | sale_service | 0 | [34mRepositoryConfigurationExtensionSupport.java[m: Spring Data Redis - Could not safely identify store assignment for repository candidate interface com.salespage.salespageservice.domains.repositories.TransactionStatisticRepository; If you want this repository to be a Redis repository, consider annotating your entities with one of these annotations: org.springframework.data.redis.core.RedisHash (preferred), or consider extending one of the following types with your repository: org.springframework.data.keyvalue.repository.KeyValueRepository
[33m26/10/23 11:42:10[m | [32mINFO [m | sale_service | 0 | [34mRepositoryConfigurationExtensionSupport.java[m: Spring Data Redis - Could not safely identify store assignment for repository candidate interface com.salespage.salespageservice.domains.repositories.UserFavoriteRepository; If you want this repository to be a Redis repository, consider annotating your entities with one of these annotations: org.springframework.data.redis.core.RedisHash (preferred), or consider extending one of the following types with your repository: org.springframework.data.keyvalue.repository.KeyValueRepository
[33m26/10/23 11:42:10[m | [32mINFO [m | sale_service | 0 | [34mRepositoryConfigurationExtensionSupport.java[m: Spring Data Redis - Could not safely identify store assignment for repository candidate interface com.salespage.salespageservice.domains.repositories.UserRepository; If you want this repository to be a Redis repository, consider annotating your entities with one of these annotations: org.springframework.data.redis.core.RedisHash (preferred), or consider extending one of the following types with your repository: org.springframework.data.keyvalue.repository.KeyValueRepository
[33m26/10/23 11:42:10[m | [32mINFO [m | sale_service | 0 | [34mRepositoryConfigurationExtensionSupport.java[m: Spring Data Redis - Could not safely identify store assignment for repository candidate interface com.salespage.salespageservice.domains.repositories.VoucherCodeLimitRepository; If you want this repository to be a Redis repository, consider annotating your entities with one of these annotations: org.springframework.data.redis.core.RedisHash (preferred), or consider extending one of the following types with your repository: org.springframework.data.keyvalue.repository.KeyValueRepository
[33m26/10/23 11:42:10[m | [32mINFO [m | sale_service | 0 | [34mRepositoryConfigurationExtensionSupport.java[m: Spring Data Redis - Could not safely identify store assignment for repository candidate interface com.salespage.salespageservice.domains.repositories.VoucherCodeRepository; If you want this repository to be a Redis repository, consider annotating your entities with one of these annotations: org.springframework.data.redis.core.RedisHash (preferred), or consider extending one of the following types with your repository: org.springframework.data.keyvalue.repository.KeyValueRepository
[33m26/10/23 11:42:10[m | [32mINFO [m | sale_service | 0 | [34mRepositoryConfigurationExtensionSupport.java[m: Spring Data Redis - Could not safely identify store assignment for repository candidate interface com.salespage.salespageservice.domains.repositories.VoucherStoreRepository; If you want this repository to be a Redis repository, consider annotating your entities with one of these annotations: org.springframework.data.redis.core.RedisHash (preferred), or consider extending one of the following types with your repository: org.springframework.data.keyvalue.repository.KeyValueRepository
[33m26/10/23 11:42:10[m | [32mINFO [m | sale_service | 0 | [34mRepositoryConfigurationDelegate.java[m: Finished Spring Data repository scanning in 23 ms. Found 0 Redis repository interfaces.
[33m26/10/23 11:42:11[m | [36mDEBUG[m | sale_service | 0 | [34mPropertySourcesPropertyResolver.java[m: Found key 'PORT' in PropertySource 'systemEnvironment' with value of type String
[33m26/10/23 11:42:11[m | [32mINFO [m | sale_service | 0 | [34mLog.java[m: Logging initialized @2846ms to org.eclipse.jetty.util.log.Slf4jLog
[33m26/10/23 11:42:11[m | [36mDEBUG[m | sale_service | 0 | [34mDocumentRoot.java[m: Code archive: /home/lam/.m2/repository/org/springframework/boot/spring-boot/2.7.5/spring-boot-2.7.5.jar
[33m26/10/23 11:42:11[m | [36mDEBUG[m | sale_service | 0 | [34mDocumentRoot.java[m: Code archive: /home/lam/.m2/repository/org/springframework/boot/spring-boot/2.7.5/spring-boot-2.7.5.jar
[33m26/10/23 11:42:11[m | [36mDEBUG[m | sale_service | 0 | [34mDocumentRoot.java[m: None of the document roots [src/main/webapp, public, static] point to a directory and will be ignored.
[33m26/10/23 11:42:11[m | [32mINFO [m | sale_service | 0 | [34mJettyServletWebServerFactory.java[m: Server initialized with port: 8080
[33m26/10/23 11:42:11[m | [32mINFO [m | sale_service | 0 | [34mServer.java[m: jetty-9.4.49.v20220914; built: 2022-09-14T01:07:36.601Z; git: 4231a3b2e4cb8548a412a789936d640a97b1aa0a; jvm 17.0.7+7-LTS
[33m26/10/23 11:42:11[m | [32mINFO [m | sale_service | 0 | [34mContextHandler.java[m: Initializing Spring embedded WebApplicationContext
[33m26/10/23 11:42:11[m | [36mDEBUG[m | sale_service | 0 | [34mServletWebServerApplicationContext.java[m: Published root WebApplicationContext as ServletContext attribute with name [org.springframework.web.context.WebApplicationContext.ROOT]
[33m26/10/23 11:42:11[m | [32mINFO [m | sale_service | 0 | [34mServletWebServerApplicationContext.java[m: Root WebApplicationContext: initialization completed in 1610 ms
[33m26/10/23 11:42:11[m | [36mDEBUG[m | sale_service | 0 | [34mPropertySourcesPropertyResolver.java[m: Found key 'MONGODB_URI' in PropertySource 'systemEnvironment' with value of type String
[33m26/10/23 11:42:11[m | [32mINFO [m | sale_service | 0 | [34mSLF4JLogger.java[m: MongoClient with metadata {"driver": {"name": "mongo-java-driver|sync|spring-boot", "version": "4.6.1"}, "os": {"type": "Linux", "name": "Linux", "architecture": "amd64", "version": "5.15.0-87-generic"}, "platform": "Java/Amazon.com Inc./17.0.7+7-LTS"} created with settings MongoClientSettings{readPreference=primary, writeConcern=WriteConcern{w=null, wTimeout=null ms, journal=null}, retryWrites=true, retryReads=true, readConcern=ReadConcern{level=null}, credential=MongoCredential{mechanism=null, userName='lam', source='admin', password=<hidden>, mechanismProperties=<hidden>}, streamFactoryFactory=null, commandListeners=[], codecRegistry=ProvidersCodecRegistry{codecProviders=[ValueCodecProvider{}, BsonValueCodecProvider{}, DBRefCodecProvider{}, DBObjectCodecProvider{}, DocumentCodecProvider{}, IterableCodecProvider{}, MapCodecProvider{}, GeoJsonCodecProvider{}, GridFSFileCodecProvider{}, Jsr310CodecProvider{}, JsonObjectCodecProvider{}, BsonCodecProvider{}, EnumCodecProvider{}, com.mongodb.Jep395RecordCodecProvider@31b741e2]}, clusterSettings={hosts=[127.0.0.1:27017], srvHost=db-salespage.h9186rq.mongodb.net, srvServiceName=mongodb, mode=MULTIPLE, requiredClusterType=REPLICA_SET, requiredReplicaSetName='atlas-qi6936-shard-0', serverSelector='null', clusterListeners='[]', serverSelectionTimeout='30000 ms', localThreshold='30000 ms'}, socketSettings=SocketSettings{connectTimeoutMS=10000, readTimeoutMS=0, receiveBufferSize=0, sendBufferSize=0}, heartbeatSocketSettings=SocketSettings{connectTimeoutMS=10000, readTimeoutMS=10000, receiveBufferSize=0, sendBufferSize=0}, connectionPoolSettings=ConnectionPoolSettings{maxSize=100, minSize=0, maxWaitTimeMS=120000, maxConnectionLifeTimeMS=0, maxConnectionIdleTimeMS=0, maintenanceInitialDelayMS=0, maintenanceFrequencyMS=60000, connectionPoolListeners=[], maxConnecting=2}, serverSettings=ServerSettings{heartbeatFrequencyMS=10000, minHeartbeatFrequencyMS=500, serverListeners='[]', serverMonitorListeners='[]'}, sslSettings=SslSettings{enabled=true, invalidHostNameAllowed=false, context=null}, applicationName='null', compressorList=[], uuidRepresentation=JAVA_LEGACY, serverApi=null, autoEncryptionSettings=null, contextProvider=null}
[33m26/10/23 11:42:11[m | [32mINFO [m | sale_service | 0 | [34mSLF4JLogger.java[m: Adding discovered server ac-jh96ukw-shard-00-02.h9186rq.mongodb.net:27017 to client view of cluster
[33m26/10/23 11:42:11[m | [32mINFO [m | sale_service | 0 | [34mSLF4JLogger.java[m: Adding discovered server ac-jh96ukw-shard-00-00.h9186rq.mongodb.net:27017 to client view of cluster
[33m26/10/23 11:42:11[m | [32mINFO [m | sale_service | 0 | [34mSLF4JLogger.java[m: Adding discovered server ac-jh96ukw-shard-00-01.h9186rq.mongodb.net:27017 to client view of cluster
[33m26/10/23 11:42:12[m | [32mINFO [m | sale_service | 0 | [34mSLF4JLogger.java[m: Opened connection [connectionId{localValue:3, serverValue:148234}] to ac-jh96ukw-shard-00-01.h9186rq.mongodb.net:27017
[33m26/10/23 11:42:12[m | [32mINFO [m | sale_service | 0 | [34mSLF4JLogger.java[m: Opened connection [connectionId{localValue:5, serverValue:140405}] to ac-jh96ukw-shard-00-02.h9186rq.mongodb.net:27017
[33m26/10/23 11:42:12[m | [32mINFO [m | sale_service | 0 | [34mSLF4JLogger.java[m: Opened connection [connectionId{localValue:2, serverValue:148244}] to ac-jh96ukw-shard-00-01.h9186rq.mongodb.net:27017
[33m26/10/23 11:42:12[m | [32mINFO [m | sale_service | 0 | [34mSLF4JLogger.java[m: Opened connection [connectionId{localValue:1, serverValue:140404}] to ac-jh96ukw-shard-00-02.h9186rq.mongodb.net:27017
[33m26/10/23 11:42:12[m | [32mINFO [m | sale_service | 0 | [34mSLF4JLogger.java[m: Opened connection [connectionId{localValue:6, serverValue:146470}] to ac-jh96ukw-shard-00-00.h9186rq.mongodb.net:27017
[33m26/10/23 11:42:12[m | [32mINFO [m | sale_service | 0 | [34mSLF4JLogger.java[m: Monitor thread successfully connected to server with description ServerDescription{address=ac-jh96ukw-shard-00-01.h9186rq.mongodb.net:27017, type=REPLICA_SET_PRIMARY, state=CONNECTED, ok=true, minWireVersion=0, maxWireVersion=17, maxDocumentSize=16777216, logicalSessionTimeoutMinutes=30, roundTripTimeNanos=232070607, setName='atlas-qi6936-shard-0', canonicalAddress=ac-jh96ukw-shard-00-01.h9186rq.mongodb.net:27017, hosts=[ac-jh96ukw-shard-00-00.h9186rq.mongodb.net:27017, ac-jh96ukw-shard-00-02.h9186rq.mongodb.net:27017, ac-jh96ukw-shard-00-01.h9186rq.mongodb.net:27017], passives=[], arbiters=[], primary='ac-jh96ukw-shard-00-01.h9186rq.mongodb.net:27017', tagSet=TagSet{[Tag{name='nodeType', value='ELECTABLE'}, Tag{name='provider', value='AWS'}, Tag{name='region', value='AP_EAST_1'}, Tag{name='workloadType', value='OPERATIONAL'}]}, electionId=7fffffff0000000000000064, setVersion=1, topologyVersion=TopologyVersion{processId=65328f60a8f6f1b8e8a3689f, counter=6}, lastWriteDate=Thu Oct 26 11:42:12 ICT 2023, lastUpdateTimeNanos=2664184791881}
[33m26/10/23 11:42:12[m | [32mINFO [m | sale_service | 0 | [34mSLF4JLogger.java[m: Monitor thread successfully connected to server with description ServerDescription{address=ac-jh96ukw-shard-00-02.h9186rq.mongodb.net:27017, type=REPLICA_SET_SECONDARY, state=CONNECTED, ok=true, minWireVersion=0, maxWireVersion=17, maxDocumentSize=16777216, logicalSessionTimeoutMinutes=30, roundTripTimeNanos=219948209, setName='atlas-qi6936-shard-0', canonicalAddress=ac-jh96ukw-shard-00-02.h9186rq.mongodb.net:27017, hosts=[ac-jh96ukw-shard-00-00.h9186rq.mongodb.net:27017, ac-jh96ukw-shard-00-02.h9186rq.mongodb.net:27017, ac-jh96ukw-shard-00-01.h9186rq.mongodb.net:27017], passives=[], arbiters=[], primary='ac-jh96ukw-shard-00-01.h9186rq.mongodb.net:27017', tagSet=TagSet{[Tag{name='nodeType', value='ELECTABLE'}, Tag{name='provider', value='AWS'}, Tag{name='region', value='AP_EAST_1'}, Tag{name='workloadType', value='OPERATIONAL'}]}, electionId=null, setVersion=1, topologyVersion=TopologyVersion{processId=653291f4b5da4400b63a4e19, counter=3}, lastWriteDate=Thu Oct 26 11:42:12 ICT 2023, lastUpdateTimeNanos=2664184791862}
[33m26/10/23 11:42:12[m | [32mINFO [m | sale_service | 0 | [34mSLF4JLogger.java[m: Opened connection [connectionId{localValue:4, serverValue:146471}] to ac-jh96ukw-shard-00-00.h9186rq.mongodb.net:27017
[33m26/10/23 11:42:12[m | [32mINFO [m | sale_service | 0 | [34mSLF4JLogger.java[m: Monitor thread successfully connected to server with description ServerDescription{address=ac-jh96ukw-shard-00-00.h9186rq.mongodb.net:27017, type=REPLICA_SET_SECONDARY, state=CONNECTED, ok=true, minWireVersion=0, maxWireVersion=17, maxDocumentSize=16777216, logicalSessionTimeoutMinutes=30, roundTripTimeNanos=216437661, setName='atlas-qi6936-shard-0', canonicalAddress=ac-jh96ukw-shard-00-00.h9186rq.mongodb.net:27017, hosts=[ac-jh96ukw-shard-00-00.h9186rq.mongodb.net:27017, ac-jh96ukw-shard-00-02.h9186rq.mongodb.net:27017, ac-jh96ukw-shard-00-01.h9186rq.mongodb.net:27017], passives=[], arbiters=[], primary='ac-jh96ukw-shard-00-01.h9186rq.mongodb.net:27017', tagSet=TagSet{[Tag{name='nodeType', value='ELECTABLE'}, Tag{name='provider', value='AWS'}, Tag{name='region', value='AP_EAST_1'}, Tag{name='workloadType', value='OPERATIONAL'}]}, electionId=null, setVersion=1, topologyVersion=TopologyVersion{processId=65328d84437da749b5e138de, counter=4}, lastWriteDate=Thu Oct 26 11:42:12 ICT 2023, lastUpdateTimeNanos=2664187031759}
[33m26/10/23 11:42:12[m | [32mINFO [m | sale_service | 0 | [34mSLF4JLogger.java[m: Setting max election id to 7fffffff0000000000000064 from replica set primary ac-jh96ukw-shard-00-01.h9186rq.mongodb.net:27017
[33m26/10/23 11:42:12[m | [32mINFO [m | sale_service | 0 | [34mSLF4JLogger.java[m: Setting max set version to 1 from replica set primary ac-jh96ukw-shard-00-01.h9186rq.mongodb.net:27017
[33m26/10/23 11:42:12[m | [32mINFO [m | sale_service | 0 | [34mSLF4JLogger.java[m: Discovered replica set primary ac-jh96ukw-shard-00-01.h9186rq.mongodb.net:27017
[33m26/10/23 11:42:12[m | [32mINFO [m | sale_service | 0 | [34mVersion.java[m: Redisson 3.19.1
[33m26/10/23 11:42:12[m | [32mINFO [m | sale_service | 0 | [34mConnectionPool.java[m: 1 connections initialized for tcp.appengine.bfcplatform.vn/103.69.194.195:13437
[33m26/10/23 11:42:13[m | [32mINFO [m | sale_service | 0 | [34mConnectionPool.java[m: 24 connections initialized for tcp.appengine.bfcplatform.vn/103.69.194.195:13437
[33m26/10/23 11:42:13[m | [36mDEBUG[m | sale_service | 0 | [34mPropertySourcesPropertyResolver.java[m: Found key 'KAFKA_BOOTSTRAP_SERVERS' in PropertySource 'systemEnvironment' with value of type String
[33m26/10/23 11:42:13[m | [36mDEBUG[m | sale_service | 0 | [34mPropertySourcesPropertyResolver.java[m: Found key 'KAFKA_USERNAME' in PropertySource 'systemEnvironment' with value of type String
[33m26/10/23 11:42:13[m | [36mDEBUG[m | sale_service | 0 | [34mPropertySourcesPropertyResolver.java[m: Found key 'KAFKA_PASSWORD' in PropertySource 'systemEnvironment' with value of type String
[33m26/10/23 11:42:13[m | [36mDEBUG[m | sale_service | 0 | [34mPropertySourcesPropertyResolver.java[m: Found key 'KAFKA_USERNAME' in PropertySource 'systemEnvironment' with value of type String
[33m26/10/23 11:42:13[m | [36mDEBUG[m | sale_service | 0 | [34mPropertySourcesPropertyResolver.java[m: Found key 'KAFKA_PASSWORD' in PropertySource 'systemEnvironment' with value of type String
[33m26/10/23 11:42:13[m | [36mDEBUG[m | sale_service | 0 | [34mServletContextInitializerBeans.java[m: Mapping filters: springSecurityFilterChain urls=[/*] order=-100, filterRegistrationBean urls=[/*] order=2147483647, characterEncodingFilter urls=[/*] order=-2147483648, formContentFilter urls=[/*] order=-9900, requestContextFilter urls=[/*] order=-105, authTokenFilter urls=[/*] order=2147483647, authenticationJwtTokenFilter urls=[/*] order=2147483647
[33m26/10/23 11:42:13[m | [36mDEBUG[m | sale_service | 0 | [34mServletContextInitializerBeans.java[m: Mapping servlets: dispatcherServlet urls=[/]
[33m26/10/23 11:42:13[m | [32mINFO [m | sale_service | 0 | [34mDefaultSessionIdManager.java[m: DefaultSessionIdManager workerName=node0
[33m26/10/23 11:42:13[m | [32mINFO [m | sale_service | 0 | [34mDefaultSessionIdManager.java[m: No SessionScavenger set, using defaults
[33m26/10/23 11:42:13[m | [32mINFO [m | sale_service | 0 | [34mHouseKeeper.java[m: node0 Scavenging every 600000ms
[33m26/10/23 11:42:13[m | [32mINFO [m | sale_service | 0 | [34mContextHandler.java[m: Started o.s.b.w.e.j.JettyEmbeddedWebAppContext@7e69bf78{application,/,[file:///tmp/jetty-docbase.8080.7952847265443027731/, jar:file:/home/lam/.m2/repository/org/webjars/swagger-ui/4.17.1/swagger-ui-4.17.1.jar!/META-INF/resources, jar:file:/home/lam/.m2/repository/org/webjars/jquery/3.6.1/jquery-3.6.1.jar!/META-INF/resources],AVAILABLE}
[33m26/10/23 11:42:13[m | [32mINFO [m | sale_service | 0 | [34mServer.java[m: Started @5161ms
[33m26/10/23 11:42:13[m | [36mDEBUG[m | sale_service | 0 | [34mSpringApplicationAdminMXBeanRegistrar.java[m: Application Admin MBean registered with name 'org.springframework.boot:type=Admin,name=SpringApplication'
[33m26/10/23 11:42:13[m | [33mWARN [m | sale_service | 0 | [34mAbstractGoogleClient.java[m: Application name is not set. Call Builder#setApplicationName.
[33m26/10/23 11:42:13[m | [36mDEBUG[m | sale_service | 0 | [34mSimpleUrlHandlerMapping.java[m: Patterns [/ws/**] in 'stompWebSocketHandlerMapping'
[33m26/10/23 11:42:13[m | [36mDEBUG[m | sale_service | 0 | [34mAbstractMethodMessageHandler.java[m: 
	c.s.s.a.c.AccountController:
	
[33m26/10/23 11:42:13[m | [36mDEBUG[m | sale_service | 0 | [34mAbstractMethodMessageHandler.java[m: 
	c.s.s.a.c.A.AdminShipperController:
	
[33m26/10/23 11:42:13[m | [36mDEBUG[m | sale_service | 0 | [34mAbstractMethodMessageHandler.java[m: 
	c.s.s.a.c.A.ConfigController:
	
[33m26/10/23 11:42:13[m | [36mDEBUG[m | sale_service | 0 | [34mAbstractMethodMessageHandler.java[m: 
	c.s.s.a.c.A.OtpController:
	
[33m26/10/23 11:42:13[m | [36mDEBUG[m | sale_service | 0 | [34mAbstractMethodMessageHandler.java[m: 
	c.s.s.a.c.A.ProductTypeController:
	
[33m26/10/23 11:42:13[m | [36mDEBUG[m | sale_service | 0 | [34mAbstractMethodMessageHandler.java[m: 
	c.s.s.a.c.BankController:
	
[33m26/10/23 11:42:13[m | [36mDEBUG[m | sale_service | 0 | [34mAbstractMethodMessageHandler.java[m: 
	c.s.s.a.c.CartController:
	
[33m26/10/23 11:42:13[m | [36mDEBUG[m | sale_service | 0 | [34mAbstractMethodMessageHandler.java[m: 
	c.s.s.a.c.FavoriteProductController:
	
[33m26/10/23 11:42:13[m | [36mDEBUG[m | sale_service | 0 | [34mAbstractMethodMessageHandler.java[m: 
	c.s.s.a.c.HeathCheckController:
	
[33m26/10/23 11:42:13[m | [36mDEBUG[m | sale_service | 0 | [34mAbstractMethodMessageHandler.java[m: 
	c.s.s.a.c.NotificationController:
	
[33m26/10/23 11:42:13[m | [36mDEBUG[m | sale_service | 0 | [34mAbstractMethodMessageHandler.java[m: 
	c.s.s.a.c.PaymentController:
	
[33m26/10/23 11:42:13[m | [36mDEBUG[m | sale_service | 0 | [34mAbstractMethodMessageHandler.java[m: 
	c.s.s.a.c.PrivateProductController:
	
[33m26/10/23 11:42:13[m | [36mDEBUG[m | sale_service | 0 | [34mAbstractMethodMessageHandler.java[m: 
	c.s.s.a.c.ProductTransactionController:
	
[33m26/10/23 11:42:13[m | [36mDEBUG[m | sale_service | 0 | [34mAbstractMethodMessageHandler.java[m: 
	c.s.s.a.c.S.SellerProductCategoryController:
	
[33m26/10/23 11:42:13[m | [36mDEBUG[m | sale_service | 0 | [34mAbstractMethodMessageHandler.java[m: 
	c.s.s.a.c.S.SellerProductComboController:
	
[33m26/10/23 11:42:13[m | [36mDEBUG[m | sale_service | 0 | [34mAbstractMethodMessageHandler.java[m: 
	c.s.s.a.c.S.SellerProductController:
	
[33m26/10/23 11:42:13[m | [36mDEBUG[m | sale_service | 0 | [34mAbstractMethodMessageHandler.java[m: 
	c.s.s.a.c.S.SellerProductDetail:
	
[33m26/10/23 11:42:13[m | [36mDEBUG[m | sale_service | 0 | [34mAbstractMethodMessageHandler.java[m: 
	c.s.s.a.c.S.SellerProductTransactionController:
	
[33m26/10/23 11:42:13[m | [36mDEBUG[m | sale_service | 0 | [34mAbstractMethodMessageHandler.java[m: 
	c.s.s.a.c.S.SellerStatisticController:
	
[33m26/10/23 11:42:13[m | [36mDEBUG[m | sale_service | 0 | [34mAbstractMethodMessageHandler.java[m: 
	c.s.s.a.c.S.SellerStoreController:
	
[33m26/10/23 11:42:13[m | [36mDEBUG[m | sale_service | 0 | [34mAbstractMethodMessageHandler.java[m: 
	c.s.s.a.c.S.SellerVoucherController:
	
[33m26/10/23 11:42:13[m | [36mDEBUG[m | sale_service | 0 | [34mAbstractMethodMessageHandler.java[m: 
	c.s.s.a.c.ShipperController:
	
[33m26/10/23 11:42:13[m | [36mDEBUG[m | sale_service | 0 | [34mAbstractMethodMessageHandler.java[m: 
	c.s.s.a.c.StoreController:
	
[33m26/10/23 11:42:13[m | [36mDEBUG[m | sale_service | 0 | [34mAbstractMethodMessageHandler.java[m: 
	c.s.s.a.c.UserController:
	
[33m26/10/23 11:42:13[m | [36mDEBUG[m | sale_service | 0 | [34mAbstractMethodMessageHandler.java[m: 
	c.s.s.a.c.VoucherController:
	
[33m26/10/23 11:42:13[m | [36mDEBUG[m | sale_service | 0 | [34mAbstractMethodMessageHandler.java[m: 
	c.s.s.a.c.p.PublicMapController:
	
[33m26/10/23 11:42:13[m | [36mDEBUG[m | sale_service | 0 | [34mAbstractMethodMessageHandler.java[m: 
	c.s.s.a.c.p.PublicProductController:
	
[33m26/10/23 11:42:13[m | [36mDEBUG[m | sale_service | 0 | [34mAbstractMethodMessageHandler.java[m: 
	c.s.s.a.c.p.PublicSellerStoreController:
	
[33m26/10/23 11:42:13[m | [36mDEBUG[m | sale_service | 0 | [34mAbstractMethodMessageHandler.java[m: 
	c.s.s.a.c.p.PublicUserController:
	
[33m26/10/23 11:42:13[m | [36mDEBUG[m | sale_service | 0 | [34mAbstractMethodMessageHandler.java[m: 
	c.s.s.a.s.NotificationSocket:
	{[MESSAGE],[/secured/room]}: sendSpecific(Message,Principal,String)
[33m26/10/23 11:42:13[m | [36mDEBUG[m | sale_service | 0 | [34mAbstractMethodMessageHandler.java[m: 
	o.s.b.a.w.s.e.BasicErrorController:
	
[33m26/10/23 11:42:13[m | [36mDEBUG[m | sale_service | 0 | [34mAbstractMethodMessageHandler.java[m: 
	o.s.w.a.OpenApiWebMvcResource:
	
[33m26/10/23 11:42:13[m | [36mDEBUG[m | sale_service | 0 | [34mAbstractMethodMessageHandler.java[m: 
	o.s.w.u.SwaggerWelcomeWebMvc:
	
[33m26/10/23 11:42:13[m | [36mDEBUG[m | sale_service | 0 | [34mAbstractMethodMessageHandler.java[m: 
	o.s.w.u.SwaggerConfigResource:
	
[33m26/10/23 11:42:14[m | [36mDEBUG[m | sale_service | 0 | [34mAbstractHandlerMethodMapping.java[m: 110 mappings in 'requestMappingHandlerMapping'
[33m26/10/23 11:42:14[m | [36mDEBUG[m | sale_service | 0 | [34mSimpleUrlHandlerMapping.java[m: Patterns [/webjars/**, /**, /swagger-ui*/*swagger-initializer.js, /swagger-ui*/**] in 'resourceHandlerMapping'
[33m26/10/23 11:42:14[m | [32mINFO [m | sale_service | 0 | [34mDefaultSecurityFilterChain.java[m: Will secure any request with [org.springframework.security.web.session.DisableEncodeUrlFilter@e417628, org.springframework.security.web.context.request.async.WebAsyncManagerIntegrationFilter@46f3d0f7, org.springframework.security.web.context.SecurityContextPersistenceFilter@6b578779, org.springframework.security.web.header.HeaderWriterFilter@1a507ea0, org.springframework.web.filter.CorsFilter@592fbd8, org.springframework.security.web.authentication.logout.LogoutFilter@327ac23, com.salespage.salespageservice.domains.security.jwt.AuthTokenFilter@64d42d3d, org.springframework.security.web.savedrequest.RequestCacheAwareFilter@41d6d6c4, org.springframework.security.web.servletapi.SecurityContextHolderAwareRequestFilter@6ccfce5a, org.springframework.security.web.authentication.AnonymousAuthenticationFilter@354baab2, org.springframework.security.web.session.SessionManagementFilter@a15e3c1, org.springframework.security.web.access.ExceptionTranslationFilter@31aee6d9, org.springframework.security.web.access.intercept.FilterSecurityInterceptor@6108c962]
