2023-06-28 23:15:32,914 INFO o.h.v.i.u.Version [background-preinit] HV000001: Hibernate Validator 6.2.5.Final
2023-06-28 23:15:32,993 INFO o.s.b.StartupInfoLogger [main] Starting SalesPageAdminServiceApplication using Java 11.0.18 on lam with PID 14857 (/home/lam/IdeaProjects/salespage-service/target/classes started by lam in /home/lam/IdeaProjects/salespage-service)
2023-06-28 23:15:32,999 INFO o.s.b.SpringApplication [main] No active profile set, falling back to 1 default profile: "default"
2023-06-28 23:15:33,000 DEBUG o.s.b.SpringApplication [main] Loading source class com.salespage.salespageservice.SalesPageAdminServiceApplication
2023-06-28 23:15:33,086 DEBUG o.s.c.s.AbstractApplicationContext [main] Refreshing org.springframework.boot.web.servlet.context.AnnotationConfigServletWebServerApplicationContext@26a94fa5
2023-06-28 23:15:34,078 INFO o.s.d.r.c.RepositoryConfigurationDelegate [main] Multiple Spring Data modules found, entering strict repository configuration mode
2023-06-28 23:15:34,079 INFO o.s.d.r.c.RepositoryConfigurationDelegate [main] Bootstrapping Spring Data MongoDB repositories in DEFAULT mode.
2023-06-28 23:15:34,425 INFO o.s.d.r.c.RepositoryConfigurationDelegate [main] Finished Spring Data repository scanning in 340 ms. Found 17 MongoDB repository interfaces.
2023-06-28 23:15:34,745 INFO o.s.d.r.c.RepositoryConfigurationDelegate [main] Multiple Spring Data modules found, entering strict repository configuration mode
2023-06-28 23:15:34,747 INFO o.s.d.r.c.RepositoryConfigurationDelegate [main] Bootstrapping Spring Data Redis repositories in DEFAULT mode.
2023-06-28 23:15:34,757 DEBUG o.s.b.a.AutoConfigurationPackages$BasePackages [main] @EnableAutoConfiguration was declared on a class in the package 'com.salespage.salespageservice'. Automatic @Repository and @Entity scanning is enabled.
2023-06-28 23:15:34,770 INFO o.s.d.r.c.RepositoryConfigurationExtensionSupport [main] Spring Data Redis - Could not safely identify store assignment for repository candidate interface com.salespage.salespageservice.domains.repositories.AccountRepository; If you want this repository to be a Redis repository, consider annotating your entities with one of these annotations: org.springframework.data.redis.core.RedisHash (preferred), or consider extending one of the following types with your repository: org.springframework.data.keyvalue.repository.KeyValueRepository
2023-06-28 23:15:34,771 INFO o.s.d.r.c.RepositoryConfigurationExtensionSupport [main] Spring Data Redis - Could not safely identify store assignment for repository candidate interface com.salespage.salespageservice.domains.repositories.BankAccountRepository; If you want this repository to be a Redis repository, consider annotating your entities with one of these annotations: org.springframework.data.redis.core.RedisHash (preferred), or consider extending one of the following types with your repository: org.springframework.data.keyvalue.repository.KeyValueRepository
2023-06-28 23:15:34,771 INFO o.s.d.r.c.RepositoryConfigurationExtensionSupport [main] Spring Data Redis - Could not safely identify store assignment for repository candidate interface com.salespage.salespageservice.domains.repositories.BankTransactionRepository; If you want this repository to be a Redis repository, consider annotating your entities with one of these annotations: org.springframework.data.redis.core.RedisHash (preferred), or consider extending one of the following types with your repository: org.springframework.data.keyvalue.repository.KeyValueRepository
2023-06-28 23:15:34,772 INFO o.s.d.r.c.RepositoryConfigurationExtensionSupport [main] Spring Data Redis - Could not safely identify store assignment for repository candidate interface com.salespage.salespageservice.domains.repositories.NotificationRepository; If you want this repository to be a Redis repository, consider annotating your entities with one of these annotations: org.springframework.data.redis.core.RedisHash (preferred), or consider extending one of the following types with your repository: org.springframework.data.keyvalue.repository.KeyValueRepository
2023-06-28 23:15:34,772 INFO o.s.d.r.c.RepositoryConfigurationExtensionSupport [main] Spring Data Redis - Could not safely identify store assignment for repository candidate interface com.salespage.salespageservice.domains.repositories.PaymentTransactionRepository; If you want this repository to be a Redis repository, consider annotating your entities with one of these annotations: org.springframework.data.redis.core.RedisHash (preferred), or consider extending one of the following types with your repository: org.springframework.data.keyvalue.repository.KeyValueRepository
2023-06-28 23:15:34,773 INFO o.s.d.r.c.RepositoryConfigurationExtensionSupport [main] Spring Data Redis - Could not safely identify store assignment for repository candidate interface com.salespage.salespageservice.domains.repositories.ProductRepository; If you want this repository to be a Redis repository, consider annotating your entities with one of these annotations: org.springframework.data.redis.core.RedisHash (preferred), or consider extending one of the following types with your repository: org.springframework.data.keyvalue.repository.KeyValueRepository
2023-06-28 23:15:34,773 INFO o.s.d.r.c.RepositoryConfigurationExtensionSupport [main] Spring Data Redis - Could not safely identify store assignment for repository candidate interface com.salespage.salespageservice.domains.repositories.ProductTransactionRepository; If you want this repository to be a Redis repository, consider annotating your entities with one of these annotations: org.springframework.data.redis.core.RedisHash (preferred), or consider extending one of the following types with your repository: org.springframework.data.keyvalue.repository.KeyValueRepository
2023-06-28 23:15:34,774 INFO o.s.d.r.c.RepositoryConfigurationExtensionSupport [main] Spring Data Redis - Could not safely identify store assignment for repository candidate interface com.salespage.salespageservice.domains.repositories.ProductTypeDetailRepository; If you want this repository to be a Redis repository, consider annotating your entities with one of these annotations: org.springframework.data.redis.core.RedisHash (preferred), or consider extending one of the following types with your repository: org.springframework.data.keyvalue.repository.KeyValueRepository
2023-06-28 23:15:34,774 INFO o.s.d.r.c.RepositoryConfigurationExtensionSupport [main] Spring Data Redis - Could not safely identify store assignment for repository candidate interface com.salespage.salespageservice.domains.repositories.ProductTypeRepository; If you want this repository to be a Redis repository, consider annotating your entities with one of these annotations: org.springframework.data.redis.core.RedisHash (preferred), or consider extending one of the following types with your repository: org.springframework.data.keyvalue.repository.KeyValueRepository
2023-06-28 23:15:34,775 INFO o.s.d.r.c.RepositoryConfigurationExtensionSupport [main] Spring Data Redis - Could not safely identify store assignment for repository candidate interface com.salespage.salespageservice.domains.repositories.SellerStoreRepository; If you want this repository to be a Redis repository, consider annotating your entities with one of these annotations: org.springframework.data.redis.core.RedisHash (preferred), or consider extending one of the following types with your repository: org.springframework.data.keyvalue.repository.KeyValueRepository
2023-06-28 23:15:34,775 INFO o.s.d.r.c.RepositoryConfigurationExtensionSupport [main] Spring Data Redis - Could not safely identify store assignment for repository candidate interface com.salespage.salespageservice.domains.repositories.SystemLogRepository; If you want this repository to be a Redis repository, consider annotating your entities with one of these annotations: org.springframework.data.redis.core.RedisHash (preferred), or consider extending one of the following types with your repository: org.springframework.data.keyvalue.repository.KeyValueRepository
2023-06-28 23:15:34,776 INFO o.s.d.r.c.RepositoryConfigurationExtensionSupport [main] Spring Data Redis - Could not safely identify store assignment for repository candidate interface com.salespage.salespageservice.domains.repositories.TransactionStatisticRepository; If you want this repository to be a Redis repository, consider annotating your entities with one of these annotations: org.springframework.data.redis.core.RedisHash (preferred), or consider extending one of the following types with your repository: org.springframework.data.keyvalue.repository.KeyValueRepository
2023-06-28 23:15:34,776 INFO o.s.d.r.c.RepositoryConfigurationExtensionSupport [main] Spring Data Redis - Could not safely identify store assignment for repository candidate interface com.salespage.salespageservice.domains.repositories.UserFavoriteRepository; If you want this repository to be a Redis repository, consider annotating your entities with one of these annotations: org.springframework.data.redis.core.RedisHash (preferred), or consider extending one of the following types with your repository: org.springframework.data.keyvalue.repository.KeyValueRepository
2023-06-28 23:15:34,777 INFO o.s.d.r.c.RepositoryConfigurationExtensionSupport [main] Spring Data Redis - Could not safely identify store assignment for repository candidate interface com.salespage.salespageservice.domains.repositories.UserRepository; If you want this repository to be a Redis repository, consider annotating your entities with one of these annotations: org.springframework.data.redis.core.RedisHash (preferred), or consider extending one of the following types with your repository: org.springframework.data.keyvalue.repository.KeyValueRepository
2023-06-28 23:15:34,779 INFO o.s.d.r.c.RepositoryConfigurationExtensionSupport [main] Spring Data Redis - Could not safely identify store assignment for repository candidate interface com.salespage.salespageservice.domains.repositories.VoucherCodeLimitRepository; If you want this repository to be a Redis repository, consider annotating your entities with one of these annotations: org.springframework.data.redis.core.RedisHash (preferred), or consider extending one of the following types with your repository: org.springframework.data.keyvalue.repository.KeyValueRepository
2023-06-28 23:15:34,781 INFO o.s.d.r.c.RepositoryConfigurationExtensionSupport [main] Spring Data Redis - Could not safely identify store assignment for repository candidate interface com.salespage.salespageservice.domains.repositories.VoucherCodeRepository; If you want this repository to be a Redis repository, consider annotating your entities with one of these annotations: org.springframework.data.redis.core.RedisHash (preferred), or consider extending one of the following types with your repository: org.springframework.data.keyvalue.repository.KeyValueRepository
2023-06-28 23:15:34,781 INFO o.s.d.r.c.RepositoryConfigurationExtensionSupport [main] Spring Data Redis - Could not safely identify store assignment for repository candidate interface com.salespage.salespageservice.domains.repositories.VoucherStoreRepository; If you want this repository to be a Redis repository, consider annotating your entities with one of these annotations: org.springframework.data.redis.core.RedisHash (preferred), or consider extending one of the following types with your repository: org.springframework.data.keyvalue.repository.KeyValueRepository
2023-06-28 23:15:34,781 INFO o.s.d.r.c.RepositoryConfigurationDelegate [main] Finished Spring Data repository scanning in 25 ms. Found 0 Redis repository interfaces.
2023-06-28 23:15:35,423 DEBUG o.s.c.e.PropertySourcesPropertyResolver [main] Found key 'PORT' in PropertySource 'systemEnvironment' with value of type String
2023-06-28 23:15:35,456 INFO o.e.j.u.l.Log [main] Logging initialized @5036ms to org.eclipse.jetty.util.log.Slf4jLog
2023-06-28 23:15:35,682 DEBUG o.s.b.w.s.s.DocumentRoot [main] Code archive: /home/lam/.m2/repository/org/springframework/boot/spring-boot/2.7.5/spring-boot-2.7.5.jar
2023-06-28 23:15:35,683 DEBUG o.s.b.w.s.s.DocumentRoot [main] Code archive: /home/lam/.m2/repository/org/springframework/boot/spring-boot/2.7.5/spring-boot-2.7.5.jar
2023-06-28 23:15:35,683 DEBUG o.s.b.w.s.s.DocumentRoot [main] None of the document roots [src/main/webapp, public, static] point to a directory and will be ignored.
2023-06-28 23:15:35,754 INFO o.s.b.w.e.j.JettyServletWebServerFactory [main] Server initialized with port: 8080
2023-06-28 23:15:35,758 INFO o.e.j.s.Server [main] jetty-9.4.49.v20220914; built: 2022-09-14T01:07:36.601Z; git: 4231a3b2e4cb8548a412a789936d640a97b1aa0a; jvm 11.0.18+10
2023-06-28 23:15:35,799 INFO o.e.j.s.h.ContextHandler$Context [main] Initializing Spring embedded WebApplicationContext
2023-06-28 23:15:35,800 DEBUG o.s.b.w.s.c.ServletWebServerApplicationContext [main] Published root WebApplicationContext as ServletContext attribute with name [org.springframework.web.context.WebApplicationContext.ROOT]
2023-06-28 23:15:35,800 INFO o.s.b.w.s.c.ServletWebServerApplicationContext [main] Root WebApplicationContext: initialization completed in 2715 ms
2023-06-28 23:15:35,884 DEBUG o.s.c.e.PropertySourcesPropertyResolver [main] Found key 'MONGODB_URI' in PropertySource 'systemEnvironment' with value of type String
2023-06-28 23:15:36,077 INFO c.m.d.l.SLF4JLogger [cluster-ClusterId{value='649c4e98c824ff0c4b29035c', description='null'}-srv-db-salespage.h9186rq.mongodb.net] Adding discovered server ac-jh96ukw-shard-00-02.h9186rq.mongodb.net:27017 to client view of cluster
2023-06-28 23:15:36,104 INFO c.m.d.l.SLF4JLogger [main] MongoClient with metadata {"driver": {"name": "mongo-java-driver|sync|spring-boot", "version": "4.6.1"}, "os": {"type": "Linux", "name": "Linux", "architecture": "amd64", "version": "5.15.0-75-generic"}, "platform": "Java/Eclipse Adoptium/11.0.18+10"} created with settings MongoClientSettings{readPreference=primary, writeConcern=WriteConcern{w=null, wTimeout=null ms, journal=null}, retryWrites=true, retryReads=true, readConcern=ReadConcern{level=null}, credential=MongoCredential{mechanism=null, userName='lam', source='admin', password=<hidden>, mechanismProperties=<hidden>}, streamFactoryFactory=null, commandListeners=[], codecRegistry=ProvidersCodecRegistry{codecProviders=[ValueCodecProvider{}, BsonValueCodecProvider{}, DBRefCodecProvider{}, DBObjectCodecProvider{}, DocumentCodecProvider{}, IterableCodecProvider{}, MapCodecProvider{}, GeoJsonCodecProvider{}, GridFSFileCodecProvider{}, Jsr310CodecProvider{}, JsonObjectCodecProvider{}, BsonCodecProvider{}, EnumCodecProvider{}, com.mongodb.Jep395RecordCodecProvider@780129bc]}, clusterSettings={hosts=[127.0.0.1:27017], srvHost=db-salespage.h9186rq.mongodb.net, srvServiceName=mongodb, mode=MULTIPLE, requiredClusterType=REPLICA_SET, requiredReplicaSetName='atlas-qi6936-shard-0', serverSelector='null', clusterListeners='[]', serverSelectionTimeout='30000 ms', localThreshold='30000 ms'}, socketSettings=SocketSettings{connectTimeoutMS=10000, readTimeoutMS=0, receiveBufferSize=0, sendBufferSize=0}, heartbeatSocketSettings=SocketSettings{connectTimeoutMS=10000, readTimeoutMS=10000, receiveBufferSize=0, sendBufferSize=0}, connectionPoolSettings=ConnectionPoolSettings{maxSize=100, minSize=0, maxWaitTimeMS=120000, maxConnectionLifeTimeMS=0, maxConnectionIdleTimeMS=0, maintenanceInitialDelayMS=0, maintenanceFrequencyMS=60000, connectionPoolListeners=[], maxConnecting=2}, serverSettings=ServerSettings{heartbeatFrequencyMS=10000, minHeartbeatFrequencyMS=500, serverListeners='[]', serverMonitorListeners='[]'}, sslSettings=SslSettings{enabled=true, invalidHostNameAllowed=false, context=null}, applicationName='null', compressorList=[], uuidRepresentation=JAVA_LEGACY, serverApi=null, autoEncryptionSettings=null, contextProvider=null}
2023-06-28 23:15:36,109 INFO c.m.d.l.SLF4JLogger [cluster-ClusterId{value='649c4e98c824ff0c4b29035c', description='null'}-srv-db-salespage.h9186rq.mongodb.net] Adding discovered server ac-jh96ukw-shard-00-00.h9186rq.mongodb.net:27017 to client view of cluster
2023-06-28 23:15:36,111 INFO c.m.d.l.SLF4JLogger [cluster-ClusterId{value='649c4e98c824ff0c4b29035c', description='null'}-srv-db-salespage.h9186rq.mongodb.net] Adding discovered server ac-jh96ukw-shard-00-01.h9186rq.mongodb.net:27017 to client view of cluster
2023-06-28 23:15:36,371 WARN o.s.d.m.c.m.BasicMongoPersistentProperty [main] Customizing field name for id property 'com.salespage.salespageservice.domains.entities.Account.username' is not allowed! Custom name ('username') will not be considered!
2023-06-28 23:15:37,023 INFO c.m.d.l.SLF4JLogger [cluster-ClusterId{value='649c4e98c824ff0c4b29035c', description='null'}-ac-jh96ukw-shard-00-02.h9186rq.mongodb.net:27017] Opened connection [connectionId{localValue:2, serverValue:252390}] to ac-jh96ukw-shard-00-02.h9186rq.mongodb.net:27017
2023-06-28 23:15:37,033 INFO c.m.d.l.SLF4JLogger [cluster-ClusterId{value='649c4e98c824ff0c4b29035c', description='null'}-ac-jh96ukw-shard-00-02.h9186rq.mongodb.net:27017] Monitor thread successfully connected to server with description ServerDescription{address=ac-jh96ukw-shard-00-02.h9186rq.mongodb.net:27017, type=REPLICA_SET_PRIMARY, state=CONNECTED, ok=true, minWireVersion=0, maxWireVersion=17, maxDocumentSize=16777216, logicalSessionTimeoutMinutes=30, roundTripTimeNanos=445898726, setName='atlas-qi6936-shard-0', canonicalAddress=ac-jh96ukw-shard-00-02.h9186rq.mongodb.net:27017, hosts=[ac-jh96ukw-shard-00-00.h9186rq.mongodb.net:27017, ac-jh96ukw-shard-00-02.h9186rq.mongodb.net:27017, ac-jh96ukw-shard-00-01.h9186rq.mongodb.net:27017], passives=[], arbiters=[], primary='ac-jh96ukw-shard-00-02.h9186rq.mongodb.net:27017', tagSet=TagSet{[Tag{name='nodeType', value='ELECTABLE'}, Tag{name='provider', value='AWS'}, Tag{name='region', value='AP_EAST_1'}, Tag{name='workloadType', value='OPERATIONAL'}]}, electionId=7fffffff0000000000000023, setVersion=1, topologyVersion=TopologyVersion{processId=648b0e60aee0c2a6963db797, counter=6}, lastWriteDate=Wed Jun 28 16:15:37 SGT 2023, lastUpdateTimeNanos=3907310313081}
2023-06-28 23:15:37,037 INFO c.m.d.l.SLF4JLogger [cluster-ClusterId{value='649c4e98c824ff0c4b29035c', description='null'}-ac-jh96ukw-shard-00-02.h9186rq.mongodb.net:27017] Setting max election id to 7fffffff0000000000000023 from replica set primary ac-jh96ukw-shard-00-02.h9186rq.mongodb.net:27017
2023-06-28 23:15:37,038 INFO c.m.d.l.SLF4JLogger [cluster-ClusterId{value='649c4e98c824ff0c4b29035c', description='null'}-ac-jh96ukw-shard-00-02.h9186rq.mongodb.net:27017] Setting max set version to 1 from replica set primary ac-jh96ukw-shard-00-02.h9186rq.mongodb.net:27017
2023-06-28 23:15:37,038 INFO c.m.d.l.SLF4JLogger [cluster-ClusterId{value='649c4e98c824ff0c4b29035c', description='null'}-ac-jh96ukw-shard-00-02.h9186rq.mongodb.net:27017] Discovered replica set primary ac-jh96ukw-shard-00-02.h9186rq.mongodb.net:27017
2023-06-28 23:15:37,046 INFO c.m.d.l.SLF4JLogger [cluster-rtt-ClusterId{value='649c4e98c824ff0c4b29035c', description='null'}-ac-jh96ukw-shard-00-01.h9186rq.mongodb.net:27017] Opened connection [connectionId{localValue:6, serverValue:248727}] to ac-jh96ukw-shard-00-01.h9186rq.mongodb.net:27017
2023-06-28 23:15:37,055 INFO c.m.d.l.SLF4JLogger [cluster-rtt-ClusterId{value='649c4e98c824ff0c4b29035c', description='null'}-ac-jh96ukw-shard-00-02.h9186rq.mongodb.net:27017] Opened connection [connectionId{localValue:1, serverValue:252374}] to ac-jh96ukw-shard-00-02.h9186rq.mongodb.net:27017
2023-06-28 23:15:37,067 INFO c.m.d.l.SLF4JLogger [cluster-rtt-ClusterId{value='649c4e98c824ff0c4b29035c', description='null'}-ac-jh96ukw-shard-00-00.h9186rq.mongodb.net:27017] Opened connection [connectionId{localValue:3, serverValue:254061}] to ac-jh96ukw-shard-00-00.h9186rq.mongodb.net:27017
2023-06-28 23:15:37,072 INFO c.m.d.l.SLF4JLogger [cluster-ClusterId{value='649c4e98c824ff0c4b29035c', description='null'}-ac-jh96ukw-shard-00-01.h9186rq.mongodb.net:27017] Opened connection [connectionId{localValue:5, serverValue:248727}] to ac-jh96ukw-shard-00-01.h9186rq.mongodb.net:27017
2023-06-28 23:15:37,073 INFO c.m.d.l.SLF4JLogger [cluster-ClusterId{value='649c4e98c824ff0c4b29035c', description='null'}-ac-jh96ukw-shard-00-01.h9186rq.mongodb.net:27017] Monitor thread successfully connected to server with description ServerDescription{address=ac-jh96ukw-shard-00-01.h9186rq.mongodb.net:27017, type=REPLICA_SET_SECONDARY, state=CONNECTED, ok=true, minWireVersion=0, maxWireVersion=17, maxDocumentSize=16777216, logicalSessionTimeoutMinutes=30, roundTripTimeNanos=492725300, setName='atlas-qi6936-shard-0', canonicalAddress=ac-jh96ukw-shard-00-01.h9186rq.mongodb.net:27017, hosts=[ac-jh96ukw-shard-00-00.h9186rq.mongodb.net:27017, ac-jh96ukw-shard-00-02.h9186rq.mongodb.net:27017, ac-jh96ukw-shard-00-01.h9186rq.mongodb.net:27017], passives=[], arbiters=[], primary='ac-jh96ukw-shard-00-02.h9186rq.mongodb.net:27017', tagSet=TagSet{[Tag{name='nodeType', value='ELECTABLE'}, Tag{name='provider', value='AWS'}, Tag{name='region', value='AP_EAST_1'}, Tag{name='workloadType', value='OPERATIONAL'}]}, electionId=null, setVersion=1, topologyVersion=TopologyVersion{processId=648b0fd8e29747d9537e5236, counter=3}, lastWriteDate=Wed Jun 28 16:15:37 SGT 2023, lastUpdateTimeNanos=3907360456552}
2023-06-28 23:15:37,073 INFO c.m.d.l.SLF4JLogger [cluster-ClusterId{value='649c4e98c824ff0c4b29035c', description='null'}-ac-jh96ukw-shard-00-00.h9186rq.mongodb.net:27017] Opened connection [connectionId{localValue:4, serverValue:254061}] to ac-jh96ukw-shard-00-00.h9186rq.mongodb.net:27017
2023-06-28 23:15:37,074 INFO c.m.d.l.SLF4JLogger [cluster-ClusterId{value='649c4e98c824ff0c4b29035c', description='null'}-ac-jh96ukw-shard-00-00.h9186rq.mongodb.net:27017] Monitor thread successfully connected to server with description ServerDescription{address=ac-jh96ukw-shard-00-00.h9186rq.mongodb.net:27017, type=REPLICA_SET_SECONDARY, state=CONNECTED, ok=true, minWireVersion=0, maxWireVersion=17, maxDocumentSize=16777216, logicalSessionTimeoutMinutes=30, roundTripTimeNanos=489174215, setName='atlas-qi6936-shard-0', canonicalAddress=ac-jh96ukw-shard-00-00.h9186rq.mongodb.net:27017, hosts=[ac-jh96ukw-shard-00-00.h9186rq.mongodb.net:27017, ac-jh96ukw-shard-00-02.h9186rq.mongodb.net:27017, ac-jh96ukw-shard-00-01.h9186rq.mongodb.net:27017], passives=[], arbiters=[], primary='ac-jh96ukw-shard-00-02.h9186rq.mongodb.net:27017', tagSet=TagSet{[Tag{name='nodeType', value='ELECTABLE'}, Tag{name='provider', value='AWS'}, Tag{name='region', value='AP_EAST_1'}, Tag{name='workloadType', value='OPERATIONAL'}]}, electionId=null, setVersion=1, topologyVersion=TopologyVersion{processId=648b0d14aebe2e442abf431a, counter=4}, lastWriteDate=Wed Jun 28 16:15:37 SGT 2023, lastUpdateTimeNanos=3907361132988}
2023-06-28 23:15:37,520 INFO o.r.Version [main] Redisson 3.19.1
2023-06-28 23:15:37,891 INFO o.r.c.p.ConnectionPool [redisson-netty-2-10] 1 connections initialized for tcp.appengine.bfcplatform.vn/103.69.194.120:25996
2023-06-28 23:15:38,183 INFO o.r.c.p.ConnectionPool [redisson-netty-2-20] 24 connections initialized for tcp.appengine.bfcplatform.vn/103.69.194.120:25996
2023-06-28 23:15:38,763 DEBUG o.s.b.w.s.ServletContextInitializerBeans [main] Mapping filters: springSecurityFilterChain urls=[/*] order=-100, filterRegistrationBean urls=[/*] order=2147483647, characterEncodingFilter urls=[/*] order=-2147483648, formContentFilter urls=[/*] order=-9900, requestContextFilter urls=[/*] order=-105, authTokenFilter urls=[/*] order=2147483647, authenticationJwtTokenFilter urls=[/*] order=2147483647
2023-06-28 23:15:38,763 DEBUG o.s.b.w.s.ServletContextInitializerBeans [main] Mapping servlets: dispatcherServlet urls=[/]
2023-06-28 23:15:38,877 INFO o.e.j.s.s.DefaultSessionIdManager [main] DefaultSessionIdManager workerName=node0
2023-06-28 23:15:38,877 INFO o.e.j.s.s.DefaultSessionIdManager [main] No SessionScavenger set, using defaults
2023-06-28 23:15:38,879 INFO o.e.j.s.s.HouseKeeper [main] node0 Scavenging every 660000ms
2023-06-28 23:15:38,891 INFO o.e.j.s.h.ContextHandler [main] Started o.s.b.w.e.j.JettyEmbeddedWebAppContext@57abe94d{application,/,[file:///tmp/jetty-docbase.8080.12807353790814339867/, jar:file:/home/lam/.m2/repository/org/webjars/swagger-ui/4.17.1/swagger-ui-4.17.1.jar!/META-INF/resources, jar:file:/home/lam/.m2/repository/org/webjars/jquery/3.6.1/jquery-3.6.1.jar!/META-INF/resources],AVAILABLE}
2023-06-28 23:15:38,892 INFO o.e.j.s.Server [main] Started @8473ms
2023-06-28 23:15:39,107 WARN c.g.a.c.g.s.AbstractGoogleClient [main] Application name is not set. Call Builder#setApplicationName.
2023-06-28 23:15:39,156 DEBUG o.s.c.e.PropertySourcesPropertyResolver [main] Found key 'KAFKA_BOOTSTRAP_SERVERS' in PropertySource 'systemEnvironment' with value of type String
2023-06-28 23:15:39,167 DEBUG o.s.c.e.PropertySourcesPropertyResolver [main] Found key 'KAFKA_USERNAME' in PropertySource 'systemEnvironment' with value of type String
2023-06-28 23:15:39,168 DEBUG o.s.c.e.PropertySourcesPropertyResolver [main] Found key 'KAFKA_PASSWORD' in PropertySource 'systemEnvironment' with value of type String
2023-06-28 23:15:39,168 DEBUG o.s.c.e.PropertySourcesPropertyResolver [main] Found key 'KAFKA_USERNAME' in PropertySource 'systemEnvironment' with value of type String
2023-06-28 23:15:39,168 DEBUG o.s.c.e.PropertySourcesPropertyResolver [main] Found key 'KAFKA_PASSWORD' in PropertySource 'systemEnvironment' with value of type String
2023-06-28 23:15:39,538 DEBUG o.s.w.s.h.SimpleUrlHandlerMapping [main] Patterns [/notification/**] in 'webSocketHandlerMapping'
2023-06-28 23:15:39,798 DEBUG o.s.w.s.h.AbstractHandlerMethodMapping [main] 61 mappings in 'requestMappingHandlerMapping'
2023-06-28 23:15:42,146 DEBUG o.s.w.s.h.SimpleUrlHandlerMapping [main] Patterns [/webjars/**, /**, /swagger-ui*/*swagger-initializer.js, /swagger-ui*/**] in 'resourceHandlerMapping'
2023-06-28 23:15:42,250 INFO o.s.s.w.DefaultSecurityFilterChain [main] Will secure any request with [org.springframework.security.web.session.DisableEncodeUrlFilter@63d43a5, org.springframework.security.web.context.request.async.WebAsyncManagerIntegrationFilter@55159007, org.springframework.security.web.context.SecurityContextPersistenceFilter@b0e6d4e, org.springframework.security.web.header.HeaderWriterFilter@689fcf08, org.springframework.web.filter.CorsFilter@edf4973, org.springframework.security.web.authentication.logout.LogoutFilter@3cdc5155, com.salespage.salespageservice.domains.security.jwt.AuthTokenFilter@524dd373, org.springframework.security.web.savedrequest.RequestCacheAwareFilter@1be3e952, org.springframework.security.web.servletapi.SecurityContextHolderAwareRequestFilter@eef6e, org.springframework.security.web.authentication.AnonymousAuthenticationFilter@2a49753, org.springframework.security.web.session.SessionManagementFilter@5fcff272, org.springframework.security.web.access.ExceptionTranslationFilter@55b78dad, org.springframework.security.web.access.intercept.FilterSecurityInterceptor@d5eca06]
2023-06-28 23:15:42,534 DEBUG o.s.w.s.m.m.a.RequestMappingHandlerAdapter [main] ControllerAdvice beans: 0 @ModelAttribute, 0 @InitBinder, 1 RequestBodyAdvice, 1 ResponseBodyAdvice
2023-06-28 23:15:42,632 DEBUG o.s.w.s.m.m.a.ExceptionHandlerExceptionResolver [main] ControllerAdvice beans: 2 @ExceptionHandler, 1 ResponseBodyAdvice
2023-06-28 23:15:44,030 INFO o.a.k.c.c.AbstractConfig [main] ConsumerConfig values: 
	allow.auto.create.topics = true
	auto.commit.interval.ms = 5000
	auto.offset.reset = earliest
	bootstrap.servers = [cluster001.kas.bfcplatform.vn:9094]
	check.crcs = true
	client.dns.lookup = use_all_dns_ips
	client.id = consumer-bizfly-7-453-RewardGift-1
	client.rack = 
	connections.max.idle.ms = 540000
	default.api.timeout.ms = 60000
	enable.auto.commit = true
	exclude.internal.topics = true
	fetch.max.bytes = 52428800
	fetch.max.wait.ms = 500
	fetch.min.bytes = 1
	group.id = bizfly-7-453-RewardGift
	group.instance.id = null
	heartbeat.interval.ms = 3000
	interceptor.classes = []
	internal.leave.group.on.close = true
	internal.throw.on.fetch.stable.offset.unsupported = false
	isolation.level = read_uncommitted
	key.deserializer = class org.apache.kafka.common.serialization.StringDeserializer
	max.partition.fetch.bytes = 1048576
	max.poll.interval.ms = 300000
	max.poll.records = 500
	metadata.max.age.ms = 300000
	metric.reporters = []
	metrics.num.samples = 2
	metrics.recording.level = INFO
	metrics.sample.window.ms = 30000
	partition.assignment.strategy = [class org.apache.kafka.clients.consumer.RangeAssignor, class org.apache.kafka.clients.consumer.CooperativeStickyAssignor]
	receive.buffer.bytes = 65536
	reconnect.backoff.max.ms = 1000
	reconnect.backoff.ms = 50
	request.timeout.ms = 30000
	retry.backoff.ms = 100
	sasl.client.callback.handler.class = null
	sasl.jaas.config = [hidden]
	sasl.kerberos.kinit.cmd = /usr/bin/kinit
	sasl.kerberos.min.time.before.relogin = 60000
	sasl.kerberos.service.name = null
	sasl.kerberos.ticket.renew.jitter = 0.05
	sasl.kerberos.ticket.renew.window.factor = 0.8
	sasl.login.callback.handler.class = null
	sasl.login.class = null
	sasl.login.connect.timeout.ms = null
	sasl.login.read.timeout.ms = null
	sasl.login.refresh.buffer.seconds = 300
	sasl.login.refresh.min.period.seconds = 60
	sasl.login.refresh.window.factor = 0.8
	sasl.login.refresh.window.jitter = 0.05
	sasl.login.retry.backoff.max.ms = 10000
	sasl.login.retry.backoff.ms = 100
	sasl.mechanism = SCRAM-SHA-512
	sasl.oauthbearer.clock.skew.seconds = 30
	sasl.oauthbearer.expected.audience = null
	sasl.oauthbearer.expected.issuer = null
	sasl.oauthbearer.jwks.endpoint.refresh.ms = 3600000
	sasl.oauthbearer.jwks.endpoint.retry.backoff.max.ms = 10000
	sasl.oauthbearer.jwks.endpoint.retry.backoff.ms = 100
	sasl.oauthbearer.jwks.endpoint.url = null
	sasl.oauthbearer.scope.claim.name = scope
	sasl.oauthbearer.sub.claim.name = sub
	sasl.oauthbearer.token.endpoint.url = null
	security.protocol = SASL_PLAINTEXT
	security.providers = null
	send.buffer.bytes = 131072
	session.timeout.ms = 45000
	socket.connection.setup.timeout.max.ms = 30000
	socket.connection.setup.timeout.ms = 10000
	ssl.cipher.suites = null
	ssl.enabled.protocols = [TLSv1.2, TLSv1.3]
	ssl.endpoint.identification.algorithm = https
	ssl.engine.factory.class = null
	ssl.key.password = null
	ssl.keymanager.algorithm = SunX509
	ssl.keystore.certificate.chain = null
	ssl.keystore.key = null
	ssl.keystore.location = null
	ssl.keystore.password = null
	ssl.keystore.type = JKS
	ssl.protocol = TLSv1.3
	ssl.provider = null
	ssl.secure.random.implementation = null
	ssl.trustmanager.algorithm = PKIX
	ssl.truststore.certificates = null
	ssl.truststore.location = null
	ssl.truststore.password = null
	ssl.truststore.type = JKS
	value.deserializer = class org.apache.kafka.common.serialization.StringDeserializer

2023-06-28 23:15:44,288 INFO o.a.k.c.s.a.AbstractLogin [main] Successfully logged in.
2023-06-28 23:15:44,466 INFO o.a.k.c.u.AppInfoParser$AppInfo [main] Kafka version: 3.1.2
2023-06-28 23:15:44,467 INFO o.a.k.c.u.AppInfoParser$AppInfo [main] Kafka commitId: f8c67dc3ae0a3265
2023-06-28 23:15:44,467 INFO o.a.k.c.u.AppInfoParser$AppInfo [main] Kafka startTimeMs: 1687965344432
2023-06-28 23:15:44,474 INFO o.a.k.c.c.KafkaConsumer [main] [Consumer clientId=consumer-bizfly-7-453-RewardGift-1, groupId=bizfly-7-453-RewardGift] Subscribed to topic(s): bizfly-7-453-RewardGift
2023-06-28 23:15:44,508 INFO o.a.k.c.c.AbstractConfig [main] ConsumerConfig values: 
	allow.auto.create.topics = true
	auto.commit.interval.ms = 5000
	auto.offset.reset = earliest
	bootstrap.servers = [cluster001.kas.bfcplatform.vn:9094]
	check.crcs = true
	client.dns.lookup = use_all_dns_ips
	client.id = consumer-bizfly-7-453-PaymentTransaction-2
	client.rack = 
	connections.max.idle.ms = 540000
	default.api.timeout.ms = 60000
	enable.auto.commit = true
	exclude.internal.topics = true
	fetch.max.bytes = 52428800
	fetch.max.wait.ms = 500
	fetch.min.bytes = 1
	group.id = bizfly-7-453-PaymentTransaction
	group.instance.id = null
	heartbeat.interval.ms = 3000
	interceptor.classes = []
	internal.leave.group.on.close = true
	internal.throw.on.fetch.stable.offset.unsupported = false
	isolation.level = read_uncommitted
	key.deserializer = class org.apache.kafka.common.serialization.StringDeserializer
	max.partition.fetch.bytes = 1048576
	max.poll.interval.ms = 300000
	max.poll.records = 500
	metadata.max.age.ms = 300000
	metric.reporters = []
	metrics.num.samples = 2
	metrics.recording.level = INFO
	metrics.sample.window.ms = 30000
	partition.assignment.strategy = [class org.apache.kafka.clients.consumer.RangeAssignor, class org.apache.kafka.clients.consumer.CooperativeStickyAssignor]
	receive.buffer.bytes = 65536
	reconnect.backoff.max.ms = 1000
	reconnect.backoff.ms = 50
	request.timeout.ms = 30000
	retry.backoff.ms = 100
	sasl.client.callback.handler.class = null
	sasl.jaas.config = [hidden]
	sasl.kerberos.kinit.cmd = /usr/bin/kinit
	sasl.kerberos.min.time.before.relogin = 60000
	sasl.kerberos.service.name = null
	sasl.kerberos.ticket.renew.jitter = 0.05
	sasl.kerberos.ticket.renew.window.factor = 0.8
	sasl.login.callback.handler.class = null
	sasl.login.class = null
	sasl.login.connect.timeout.ms = null
	sasl.login.read.timeout.ms = null
	sasl.login.refresh.buffer.seconds = 300
	sasl.login.refresh.min.period.seconds = 60
	sasl.login.refresh.window.factor = 0.8
	sasl.login.refresh.window.jitter = 0.05
	sasl.login.retry.backoff.max.ms = 10000
	sasl.login.retry.backoff.ms = 100
	sasl.mechanism = SCRAM-SHA-512
	sasl.oauthbearer.clock.skew.seconds = 30
	sasl.oauthbearer.expected.audience = null
	sasl.oauthbearer.expected.issuer = null
	sasl.oauthbearer.jwks.endpoint.refresh.ms = 3600000
	sasl.oauthbearer.jwks.endpoint.retry.backoff.max.ms = 10000
	sasl.oauthbearer.jwks.endpoint.retry.backoff.ms = 100
	sasl.oauthbearer.jwks.endpoint.url = null
	sasl.oauthbearer.scope.claim.name = scope
	sasl.oauthbearer.sub.claim.name = sub
	sasl.oauthbearer.token.endpoint.url = null
	security.protocol = SASL_PLAINTEXT
	security.providers = null
	send.buffer.bytes = 131072
	session.timeout.ms = 45000
	socket.connection.setup.timeout.max.ms = 30000
	socket.connection.setup.timeout.ms = 10000
	ssl.cipher.suites = null
	ssl.enabled.protocols = [TLSv1.2, TLSv1.3]
	ssl.endpoint.identification.algorithm = https
	ssl.engine.factory.class = null
	ssl.key.password = null
	ssl.keymanager.algorithm = SunX509
	ssl.keystore.certificate.chain = null
	ssl.keystore.key = null
	ssl.keystore.location = null
	ssl.keystore.password = null
	ssl.keystore.type = JKS
	ssl.protocol = TLSv1.3
	ssl.provider = null
	ssl.secure.random.implementation = null
	ssl.trustmanager.algorithm = PKIX
	ssl.truststore.certificates = null
	ssl.truststore.location = null
	ssl.truststore.password = null
	ssl.truststore.type = JKS
	value.deserializer = class org.apache.kafka.common.serialization.StringDeserializer

2023-06-28 23:15:44,518 INFO o.a.k.c.u.AppInfoParser$AppInfo [main] Kafka version: 3.1.2
2023-06-28 23:15:44,519 INFO o.a.k.c.u.AppInfoParser$AppInfo [main] Kafka commitId: f8c67dc3ae0a3265
2023-06-28 23:15:44,519 INFO o.a.k.c.u.AppInfoParser$AppInfo [main] Kafka startTimeMs: 1687965344518
2023-06-28 23:15:44,520 INFO o.a.k.c.c.KafkaConsumer [main] [Consumer clientId=consumer-bizfly-7-453-PaymentTransaction-2, groupId=bizfly-7-453-PaymentTransaction] Subscribed to topic(s): bizfly-7-453-PaymentTransaction
2023-06-28 23:15:44,536 DEBUG o.s.w.f.GenericFilterBean [main] Filter 'characterEncodingFilter' configured for use
2023-06-28 23:15:44,537 DEBUG o.s.w.f.GenericFilterBean [main] Filter 'formContentFilter' configured for use
2023-06-28 23:15:44,537 DEBUG o.s.w.f.GenericFilterBean [main] Filter 'requestContextFilter' configured for use
2023-06-28 23:15:44,539 DEBUG o.s.w.f.GenericFilterBean [main] Filter 'springSecurityFilterChain' configured for use
2023-06-28 23:15:44,569 INFO o.e.j.s.h.ContextHandler$Context [main] Initializing Spring DispatcherServlet 'dispatcherServlet'
2023-06-28 23:15:44,569 INFO o.s.w.s.FrameworkServlet [main] Initializing Servlet 'dispatcherServlet'
2023-06-28 23:15:44,570 DEBUG o.s.w.s.DispatcherServlet [main] Detected StandardServletMultipartResolver
2023-06-28 23:15:44,571 DEBUG o.s.w.s.DispatcherServlet [main] Detected AcceptHeaderLocaleResolver
2023-06-28 23:15:44,571 DEBUG o.s.w.s.DispatcherServlet [main] Detected FixedThemeResolver
2023-06-28 23:15:44,573 DEBUG o.s.w.s.DispatcherServlet [main] Detected org.springframework.web.servlet.view.DefaultRequestToViewNameTranslator@779cda39
2023-06-28 23:15:44,573 DEBUG o.s.w.s.DispatcherServlet [main] Detected org.springframework.web.servlet.support.SessionFlashMapManager@4e6add8d
2023-06-28 23:15:44,574 DEBUG o.s.w.s.FrameworkServlet [main] enableLoggingRequestDetails='false': request parameters and headers will be masked to prevent unsafe logging of potentially sensitive data
2023-06-28 23:15:44,574 INFO o.s.w.s.FrameworkServlet [main] Completed initialization in 4 ms
2023-06-28 23:15:44,731 INFO o.e.j.s.AbstractConnector [main] Started ServerConnector@41bb1f09{HTTP/1.1, (http/1.1)}{0.0.0.0:8080}
2023-06-28 23:15:44,732 INFO o.s.b.w.e.j.JettyWebServer [main] Jetty started on port(s) 8080 (http/1.1) with context path '/'
